#
# There is insufficient memory for the Java Runtime Environment to continue.
# Native memory allocation (mmap) failed to map 587202560 bytes for committing reserved memory.
# Possible reasons:
#   The system is out of physical RAM or swap space
#   The process is running with CompressedOops enabled, and the Java Heap may be blocking the growth of the native heap
# Possible solutions:
#   Reduce memory load on the system
#   Increase physical memory or swap space
#   Check if swap backing store is full
#   Decrease Java heap size (-Xmx/-Xms)
#   Decrease number of Java threads
#   Decrease Java thread stack sizes (-Xss)
#   Set larger code cache with -XX:ReservedCodeCacheSize=
#   JVM is running with Unscaled Compressed Oops mode in which the Java heap is
#     placed in the first 4GB address space. The Java Heap base address is the
#     maximum limit for the native heap growth. Please use -XX:HeapBaseMinAddress
#     to set the Java Heap base and to place the Java Heap above 4GB virtual address.
# This output file may be truncated or incomplete.
#
#  Out of Memory Error (os_linux.cpp:2719), pid=17768, tid=17780
#
# JRE version: OpenJDK Runtime Environment (11.0.3+7) (build 11.0.3+7-Ubuntu-1ubuntu219.04.1)
# Java VM: OpenJDK 64-Bit Server VM (11.0.3+7-Ubuntu-1ubuntu219.04.1, mixed mode, sharing, tiered, compressed oops, g1 gc, linux-amd64)
# Core dump will be written. Default location: Core dumps may be processed with "/usr/share/apport/apport %p %s %c %d %P" (or dumping to /home/hugo/Documentos/ADS/4Ciclo/Engsoft3/Prova/p2/core.17768)
#

---------------  S U M M A R Y ------------

Command Line: -Dfile.encoding=UTF-8 com.eng3.p2.Master

Host: Intel(R) Core(TM) i7-2600 CPU @ 3.40GHz, 8 cores, 7G, Ubuntu 19.04
Time: Thu Jun  6 20:48:10 2019 -03 elapsed time: 1 seconds (0d 0h 0m 1s)

---------------  T H R E A D  ---------------

Current thread (0x00007f8d7c118800):  VMThread "VM Thread" [stack: 0x00007f8d54df5000,0x00007f8d54ef5000] [id=17780]

Stack: [0x00007f8d54df5000,0x00007f8d54ef5000],  sp=0x00007f8d54ef3000,  free space=1016k
Native frames: (J=compiled Java code, A=aot compiled Java code, j=interpreted, Vv=VM code, C=native code)
V  [libjvm.so+0xd1925e]
V  [libjvm.so+0xd19eab]
V  [libjvm.so+0x6184c5]
V  [libjvm.so+0xb26658]
V  [libjvm.so+0xb1d9ad]
V  [libjvm.so+0x73096f]
V  [libjvm.so+0x730d1e]
V  [libjvm.so+0x73a016]
V  [libjvm.so+0x7b0f74]
V  [libjvm.so+0x7b1b80]
V  [libjvm.so+0x7b1fa7]
V  [libjvm.so+0x6ef5b0]
V  [libjvm.so+0x6f3fc3]
V  [libjvm.so+0xd24a34]
V  [libjvm.so+0xd23698]
V  [libjvm.so+0xd20e67]
V  [libjvm.so+0xd214de]
V  [libjvm.so+0xd21743]
V  [libjvm.so+0xcb9ef4]
V  [libjvm.so+0xb2aefe]

VM_Operation (0x00007f8d812754e0): G1CollectForAllocation, mode: safepoint, requested by thread 0x00007f8d7c011000


---------------  P R O C E S S  ---------------

Threads class SMR info:
_java_thread_list=0x00007f8d7c171c30, length=9, elements={
0x00007f8d7c011000, 0x00007f8d7c11b800, 0x00007f8d7c125800, 0x00007f8d7c12b000,
0x00007f8d7c12d000, 0x00007f8d7c12f000, 0x00007f8d7c131000, 0x00007f8d7c168000,
0x00007f8d7c170800
}

Java Threads: ( => current thread )
  0x00007f8d7c011000 JavaThread "main" [_thread_blocked, id=17774, stack(0x00007f8d81176000,0x00007f8d81277000)]
  0x00007f8d7c11b800 JavaThread "Reference Handler" daemon [_thread_blocked, id=17781, stack(0x00007f8d54cf2000,0x00007f8d54df3000)]
  0x00007f8d7c125800 JavaThread "Finalizer" daemon [_thread_blocked, id=17782, stack(0x00007f8d54bf1000,0x00007f8d54cf2000)]
  0x00007f8d7c12b000 JavaThread "Signal Dispatcher" daemon [_thread_blocked, id=17783, stack(0x00007f8d5457f000,0x00007f8d54680000)]
  0x00007f8d7c12d000 JavaThread "C2 CompilerThread0" daemon [_thread_blocked, id=17784, stack(0x00007f8d5447e000,0x00007f8d5457f000)]
  0x00007f8d7c12f000 JavaThread "C1 CompilerThread0" daemon [_thread_blocked, id=17785, stack(0x00007f8d5437d000,0x00007f8d5447e000)]
  0x00007f8d7c131000 JavaThread "Sweeper thread" daemon [_thread_blocked, id=17786, stack(0x00007f8d5427c000,0x00007f8d5437d000)]
  0x00007f8d7c168000 JavaThread "Service Thread" daemon [_thread_blocked, id=17787, stack(0x00007f8d5417b000,0x00007f8d5427c000)]
  0x00007f8d7c170800 JavaThread "Common-Cleaner" daemon [_thread_blocked, id=17789, stack(0x00007f8d23eff000,0x00007f8d24000000)]

Other Threads:
=>0x00007f8d7c118800 VMThread "VM Thread" [stack: 0x00007f8d54df5000,0x00007f8d54ef5000] [id=17780]
  0x00007f8d7c16a800 WatcherThread [stack: 0x00007f8d5407b000,0x00007f8d5417b000] [id=17788]
  0x00007f8d7c027800 GCTaskThread "GC Thread#0" [stack: 0x00007f8d80e27000,0x00007f8d80f27000] [id=17775]
  0x00007f8d48001000 GCTaskThread "GC Thread#1" [stack: 0x00007f8d23dff000,0x00007f8d23eff000] [id=17793]
  0x00007f8d48002800 GCTaskThread "GC Thread#2" [stack: 0x00007f8d23cfd000,0x00007f8d23dfd000] [id=17794]
  0x00007f8d48084000 GCTaskThread "GC Thread#3" [stack: 0x00007f8d23bfb000,0x00007f8d23cfb000] [id=17797]
  0x00007f8d48085000 GCTaskThread "GC Thread#4" [stack: 0x00007f8d23af9000,0x00007f8d23bf9000] [id=17798]
  0x00007f8d48087000 GCTaskThread "GC Thread#5" [stack: 0x00007f8d239f7000,0x00007f8d23af7000] [id=17799]
  0x00007f8d7c059000 ConcurrentGCThread "G1 Main Marker" [stack: 0x00007f8d800b9000,0x00007f8d801b9000] [id=17776]
  0x00007f8d7c05b000 ConcurrentGCThread "G1 Conc#0" [stack: 0x00007f8d640b8000,0x00007f8d641b8000] [id=17777]
  0x00007f8d7c0e5800 ConcurrentGCThread "G1 Refine#0" [stack: 0x00007f8d557f9000,0x00007f8d558f9000] [id=17778]
  0x00007f8d4c001800 ConcurrentGCThread "G1 Refine#1" [stack: 0x00007f8d238f5000,0x00007f8d239f5000] [id=17800]
  0x00007f8d7c0e7800 ConcurrentGCThread "G1 Young RemSet Sampling" [stack: 0x00007f8d556f7000,0x00007f8d557f7000] [id=17779]

Threads with active compile tasks:

VM state:at safepoint (normal execution)

VM Mutex/Monitor currently owned by a thread:  ([mutex/lock_event])
[0x00007f8d7c00e220] Threads_lock - owner thread: 0x00007f8d7c118800
[0x00007f8d7c00e970] Heap_lock - owner thread: 0x00007f8d7c011000

Heap address: 0x0000000083a00000, size: 1990 MB, Compressed Oops mode: 32-bit
Narrow klass base: 0x0000000800000000, Narrow klass shift: 3
Compressed class space size: 1073741824 Address: 0x0000000840000000

Heap:
 garbage-first heap   total 860160K, used 146556K [0x0000000083a00000, 0x0000000100000000)
  region size 1024K, 11 young (11264K), 11 survivors (11264K)
 Metaspace       used 606K, capacity 4500K, committed 4864K, reserved 1056768K
  class space    used 35K, capacity 388K, committed 512K, reserved 1048576K
Heap Regions: E=young(eden), S=young(survivor), O=old, HS=humongous(starts), HC=humongous(continues), CS=collection set, F=free, A=archive, TAMS=top-at-mark-start (previous, next)
|   0|0x0000000083a00000, 0x0000000083b00000, 0x0000000083b00000|100%| O|  |TAMS 0x0000000083a00000, 0x0000000083a00000| Untracked 
|   1|0x0000000083b00000, 0x0000000083c00000, 0x0000000083c00000|100%| O|  |TAMS 0x0000000083b00000, 0x0000000083b00000| Untracked 
|   2|0x0000000083c00000, 0x0000000083d00000, 0x0000000083d00000|100%| O|  |TAMS 0x0000000083c00000, 0x0000000083c00000| Untracked 
|   3|0x0000000083d00000, 0x0000000083e00000, 0x0000000083e00000|100%| O|  |TAMS 0x0000000083d00000, 0x0000000083d00000| Untracked 
|   4|0x0000000083e00000, 0x0000000083f00000, 0x0000000083f00000|100%| O|  |TAMS 0x0000000083e00000, 0x0000000083e00000| Untracked 
|   5|0x0000000083f00000, 0x0000000084000000, 0x0000000084000000|100%| O|  |TAMS 0x0000000083f00000, 0x0000000083f00000| Untracked 
|   6|0x0000000084000000, 0x0000000084100000, 0x0000000084100000|100%| O|  |TAMS 0x0000000084000000, 0x0000000084000000| Untracked 
|   7|0x0000000084100000, 0x0000000084200000, 0x0000000084200000|100%| O|  |TAMS 0x0000000084100000, 0x0000000084100000| Untracked 
|   8|0x0000000084200000, 0x0000000084300000, 0x0000000084300000|100%| O|  |TAMS 0x0000000084200000, 0x0000000084200000| Untracked 
|   9|0x0000000084300000, 0x0000000084400000, 0x0000000084400000|100%| O|  |TAMS 0x0000000084300000, 0x0000000084300000| Untracked 
|  10|0x0000000084400000, 0x0000000084500000, 0x0000000084500000|100%| O|  |TAMS 0x0000000084400000, 0x0000000084400000| Untracked 
|  11|0x0000000084500000, 0x0000000084600000, 0x0000000084600000|100%| O|  |TAMS 0x0000000084500000, 0x0000000084500000| Untracked 
|  12|0x0000000084600000, 0x0000000084700000, 0x0000000084700000|100%| O|  |TAMS 0x0000000084600000, 0x0000000084600000| Untracked 
|  13|0x0000000084700000, 0x0000000084800000, 0x0000000084800000|100%| O|  |TAMS 0x0000000084700000, 0x0000000084700000| Untracked 
|  14|0x0000000084800000, 0x0000000084900000, 0x0000000084900000|100%| O|  |TAMS 0x0000000084800000, 0x0000000084800000| Untracked 
|  15|0x0000000084900000, 0x0000000084a00000, 0x0000000084a00000|100%| O|  |TAMS 0x0000000084900000, 0x0000000084900000| Untracked 
|  16|0x0000000084a00000, 0x0000000084b00000, 0x0000000084b00000|100%| O|  |TAMS 0x0000000084a00000, 0x0000000084a00000| Untracked 
|  17|0x0000000084b00000, 0x0000000084c00000, 0x0000000084c00000|100%| O|  |TAMS 0x0000000084b00000, 0x0000000084b00000| Untracked 
|  18|0x0000000084c00000, 0x0000000084d00000, 0x0000000084d00000|100%| O|  |TAMS 0x0000000084c00000, 0x0000000084c00000| Untracked 
|  19|0x0000000084d00000, 0x0000000084e00000, 0x0000000084e00000|100%| O|  |TAMS 0x0000000084d00000, 0x0000000084d00000| Untracked 
|  20|0x0000000084e00000, 0x0000000084f00000, 0x0000000084f00000|100%| O|  |TAMS 0x0000000084e00000, 0x0000000084e00000| Untracked 
|  21|0x0000000084f00000, 0x0000000085000000, 0x0000000085000000|100%| O|  |TAMS 0x0000000084f00000, 0x0000000084f00000| Untracked 
|  22|0x0000000085000000, 0x0000000085100000, 0x0000000085100000|100%| O|  |TAMS 0x0000000085000000, 0x0000000085000000| Untracked 
|  23|0x0000000085100000, 0x0000000085200000, 0x0000000085200000|100%| O|  |TAMS 0x0000000085100000, 0x0000000085100000| Untracked 
|  24|0x0000000085200000, 0x0000000085300000, 0x0000000085300000|100%| O|  |TAMS 0x0000000085200000, 0x0000000085200000| Untracked 
|  25|0x0000000085300000, 0x0000000085400000, 0x0000000085400000|100%| O|  |TAMS 0x0000000085300000, 0x0000000085300000| Untracked 
|  26|0x0000000085400000, 0x0000000085500000, 0x0000000085500000|100%| O|  |TAMS 0x0000000085400000, 0x0000000085400000| Untracked 
|  27|0x0000000085500000, 0x0000000085600000, 0x0000000085600000|100%| O|  |TAMS 0x0000000085500000, 0x0000000085500000| Untracked 
|  28|0x0000000085600000, 0x0000000085700000, 0x0000000085700000|100%| O|  |TAMS 0x0000000085600000, 0x0000000085600000| Untracked 
|  29|0x0000000085700000, 0x0000000085800000, 0x0000000085800000|100%|HS|  |TAMS 0x0000000085700000, 0x0000000085700000| Complete 
|  30|0x0000000085800000, 0x0000000085900000, 0x0000000085900000|100%| O|  |TAMS 0x0000000085800000, 0x0000000085800000| Untracked 
|  31|0x0000000085900000, 0x0000000085a00000, 0x0000000085a00000|100%| O|  |TAMS 0x0000000085900000, 0x0000000085900000| Untracked 
|  32|0x0000000085a00000, 0x0000000085b00000, 0x0000000085b00000|100%| O|  |TAMS 0x0000000085a00000, 0x0000000085a00000| Untracked 
|  33|0x0000000085b00000, 0x0000000085c00000, 0x0000000085c00000|100%| O|  |TAMS 0x0000000085b00000, 0x0000000085b00000| Untracked 
|  34|0x0000000085c00000, 0x0000000085d00000, 0x0000000085d00000|100%| O|  |TAMS 0x0000000085c00000, 0x0000000085c00000| Untracked 
|  35|0x0000000085d00000, 0x0000000085e00000, 0x0000000085e00000|100%| O|  |TAMS 0x0000000085d00000, 0x0000000085d00000| Untracked 
|  36|0x0000000085e00000, 0x0000000085f00000, 0x0000000085f00000|100%| O|  |TAMS 0x0000000085e00000, 0x0000000085e00000| Untracked 
|  37|0x0000000085f00000, 0x0000000086000000, 0x0000000086000000|100%| O|  |TAMS 0x0000000085f00000, 0x0000000085f00000| Untracked 
|  38|0x0000000086000000, 0x0000000086100000, 0x0000000086100000|100%| O|  |TAMS 0x0000000086000000, 0x0000000086000000| Untracked 
|  39|0x0000000086100000, 0x0000000086200000, 0x0000000086200000|100%| O|  |TAMS 0x0000000086100000, 0x0000000086100000| Untracked 
|  40|0x0000000086200000, 0x0000000086300000, 0x0000000086300000|100%| O|  |TAMS 0x0000000086200000, 0x0000000086200000| Untracked 
|  41|0x0000000086300000, 0x0000000086400000, 0x0000000086400000|100%|HS|  |TAMS 0x0000000086300000, 0x0000000086300000| Complete 
|  42|0x0000000086400000, 0x0000000086500000, 0x0000000086500000|100%| O|  |TAMS 0x0000000086400000, 0x0000000086400000| Untracked 
|  43|0x0000000086500000, 0x0000000086600000, 0x0000000086600000|100%| O|  |TAMS 0x0000000086500000, 0x0000000086500000| Untracked 
|  44|0x0000000086600000, 0x0000000086700000, 0x0000000086700000|100%| O|  |TAMS 0x0000000086600000, 0x0000000086600000| Untracked 
|  45|0x0000000086700000, 0x0000000086800000, 0x0000000086800000|100%| O|  |TAMS 0x0000000086700000, 0x0000000086700000| Untracked 
|  46|0x0000000086800000, 0x0000000086900000, 0x0000000086900000|100%| O|  |TAMS 0x0000000086800000, 0x0000000086800000| Untracked 
|  47|0x0000000086900000, 0x0000000086a00000, 0x0000000086a00000|100%| O|  |TAMS 0x0000000086900000, 0x0000000086900000| Untracked 
|  48|0x0000000086a00000, 0x0000000086b00000, 0x0000000086b00000|100%| O|  |TAMS 0x0000000086a00000, 0x0000000086a00000| Untracked 
|  49|0x0000000086b00000, 0x0000000086c00000, 0x0000000086c00000|100%| O|  |TAMS 0x0000000086b00000, 0x0000000086b00000| Untracked 
|  50|0x0000000086c00000, 0x0000000086d00000, 0x0000000086d00000|100%| O|  |TAMS 0x0000000086c00000, 0x0000000086c00000| Untracked 
|  51|0x0000000086d00000, 0x0000000086e00000, 0x0000000086e00000|100%| O|  |TAMS 0x0000000086d00000, 0x0000000086d00000| Untracked 
|  52|0x0000000086e00000, 0x0000000086f00000, 0x0000000086f00000|100%| O|  |TAMS 0x0000000086e00000, 0x0000000086e00000| Untracked 
|  53|0x0000000086f00000, 0x0000000087000000, 0x0000000087000000|100%| O|  |TAMS 0x0000000086f00000, 0x0000000086f00000| Untracked 
|  54|0x0000000087000000, 0x0000000087100000, 0x0000000087100000|100%| O|  |TAMS 0x0000000087000000, 0x0000000087000000| Untracked 
|  55|0x0000000087100000, 0x0000000087200000, 0x0000000087200000|100%| O|  |TAMS 0x0000000087100000, 0x0000000087100000| Untracked 
|  56|0x0000000087200000, 0x0000000087300000, 0x0000000087300000|100%| O|  |TAMS 0x0000000087200000, 0x0000000087200000| Untracked 
|  57|0x0000000087300000, 0x0000000087400000, 0x0000000087400000|100%| O|  |TAMS 0x0000000087300000, 0x0000000087300000| Untracked 
|  58|0x0000000087400000, 0x0000000087500000, 0x0000000087500000|100%|HS|  |TAMS 0x0000000087400000, 0x0000000087400000| Complete 
|  59|0x0000000087500000, 0x0000000087600000, 0x0000000087600000|100%|HC|  |TAMS 0x0000000087500000, 0x0000000087500000| Complete 
|  60|0x0000000087600000, 0x0000000087700000, 0x0000000087700000|100%| O|  |TAMS 0x0000000087600000, 0x0000000087600000| Untracked 
|  61|0x0000000087700000, 0x0000000087800000, 0x0000000087800000|100%| O|  |TAMS 0x0000000087700000, 0x0000000087700000| Untracked 
|  62|0x0000000087800000, 0x0000000087900000, 0x0000000087900000|100%| O|  |TAMS 0x0000000087800000, 0x0000000087800000| Untracked 
|  63|0x0000000087900000, 0x0000000087a00000, 0x0000000087a00000|100%| O|  |TAMS 0x0000000087900000, 0x0000000087900000| Untracked 
|  64|0x0000000087a00000, 0x0000000087b00000, 0x0000000087b00000|100%| O|  |TAMS 0x0000000087a00000, 0x0000000087a00000| Untracked 
|  65|0x0000000087b00000, 0x0000000087c00000, 0x0000000087c00000|100%| O|  |TAMS 0x0000000087b00000, 0x0000000087b00000| Untracked 
|  66|0x0000000087c00000, 0x0000000087d00000, 0x0000000087d00000|100%| O|  |TAMS 0x0000000087c00000, 0x0000000087c00000| Untracked 
|  67|0x0000000087d00000, 0x0000000087e00000, 0x0000000087e00000|100%| O|  |TAMS 0x0000000087d00000, 0x0000000087d00000| Untracked 
|  68|0x0000000087e00000, 0x0000000087f00000, 0x0000000087f00000|100%| O|  |TAMS 0x0000000087e00000, 0x0000000087e00000| Untracked 
|  69|0x0000000087f00000, 0x0000000088000000, 0x0000000088000000|100%| O|  |TAMS 0x0000000087f00000, 0x0000000087f00000| Untracked 
|  70|0x0000000088000000, 0x0000000088100000, 0x0000000088100000|100%| O|  |TAMS 0x0000000088000000, 0x0000000088000000| Untracked 
|  71|0x0000000088100000, 0x0000000088200000, 0x0000000088200000|100%| O|  |TAMS 0x0000000088100000, 0x0000000088100000| Untracked 
|  72|0x0000000088200000, 0x0000000088300000, 0x0000000088300000|100%| O|  |TAMS 0x0000000088200000, 0x0000000088200000| Untracked 
|  73|0x0000000088300000, 0x0000000088400000, 0x0000000088400000|100%| O|  |TAMS 0x0000000088300000, 0x0000000088300000| Untracked 
|  74|0x0000000088400000, 0x0000000088500000, 0x0000000088500000|100%| O|  |TAMS 0x0000000088400000, 0x0000000088400000| Untracked 
|  75|0x0000000088500000, 0x0000000088600000, 0x0000000088600000|100%| O|  |TAMS 0x0000000088500000, 0x0000000088500000| Untracked 
|  76|0x0000000088600000, 0x0000000088700000, 0x0000000088700000|100%| O|  |TAMS 0x0000000088600000, 0x0000000088600000| Untracked 
|  77|0x0000000088700000, 0x0000000088800000, 0x0000000088800000|100%| O|  |TAMS 0x0000000088700000, 0x0000000088700000| Untracked 
|  78|0x0000000088800000, 0x0000000088900000, 0x0000000088900000|100%| O|  |TAMS 0x0000000088800000, 0x0000000088800000| Untracked 
|  79|0x0000000088900000, 0x0000000088a00000, 0x0000000088a00000|100%| O|  |TAMS 0x0000000088900000, 0x0000000088900000| Untracked 
|  80|0x0000000088a00000, 0x0000000088b00000, 0x0000000088b00000|100%| O|  |TAMS 0x0000000088a00000, 0x0000000088a00000| Untracked 
|  81|0x0000000088b00000, 0x0000000088c00000, 0x0000000088c00000|100%| O|  |TAMS 0x0000000088b00000, 0x0000000088b00000| Untracked 
|  82|0x0000000088c00000, 0x0000000088d00000, 0x0000000088d00000|100%| O|  |TAMS 0x0000000088c00000, 0x0000000088c00000| Untracked 
|  83|0x0000000088d00000, 0x0000000088e00000, 0x0000000088e00000|100%| O|  |TAMS 0x0000000088d00000, 0x0000000088d00000| Untracked 
|  84|0x0000000088e00000, 0x0000000088f00000, 0x0000000088f00000|100%| O|  |TAMS 0x0000000088e00000, 0x0000000088e00000| Untracked 
|  85|0x0000000088f00000, 0x0000000089000000, 0x0000000089000000|100%| O|  |TAMS 0x0000000088f00000, 0x0000000088f00000| Untracked 
|  86|0x0000000089000000, 0x0000000089100000, 0x0000000089100000|100%| O|  |TAMS 0x0000000089000000, 0x0000000089000000| Untracked 
|  87|0x0000000089100000, 0x0000000089200000, 0x0000000089200000|100%| O|  |TAMS 0x0000000089100000, 0x0000000089100000| Untracked 
|  88|0x0000000089200000, 0x0000000089300000, 0x0000000089300000|100%| O|  |TAMS 0x0000000089200000, 0x0000000089200000| Untracked 
|  89|0x0000000089300000, 0x0000000089400000, 0x0000000089400000|100%| O|  |TAMS 0x0000000089300000, 0x0000000089300000| Untracked 
|  90|0x0000000089400000, 0x0000000089500000, 0x0000000089500000|100%| O|  |TAMS 0x0000000089400000, 0x0000000089400000| Untracked 
|  91|0x0000000089500000, 0x0000000089600000, 0x0000000089600000|100%| O|  |TAMS 0x0000000089500000, 0x0000000089500000| Untracked 
|  92|0x0000000089600000, 0x0000000089700000, 0x0000000089700000|100%| O|  |TAMS 0x0000000089600000, 0x0000000089600000| Untracked 
|  93|0x0000000089700000, 0x0000000089800000, 0x0000000089800000|100%| O|  |TAMS 0x0000000089700000, 0x0000000089700000| Untracked 
|  94|0x0000000089800000, 0x0000000089900000, 0x0000000089900000|100%| O|  |TAMS 0x0000000089800000, 0x0000000089800000| Untracked 
|  95|0x0000000089900000, 0x0000000089a00000, 0x0000000089a00000|100%| O|  |TAMS 0x0000000089900000, 0x0000000089900000| Untracked 
|  96|0x0000000089a00000, 0x0000000089b00000, 0x0000000089b00000|100%| O|  |TAMS 0x0000000089a00000, 0x0000000089a00000| Untracked 
|  97|0x0000000089b00000, 0x0000000089c00000, 0x0000000089c00000|100%| O|  |TAMS 0x0000000089b00000, 0x0000000089b00000| Untracked 
|  98|0x0000000089c00000, 0x0000000089d00000, 0x0000000089d00000|100%| O|  |TAMS 0x0000000089c00000, 0x0000000089c00000| Untracked 
|  99|0x0000000089d00000, 0x0000000089e00000, 0x0000000089e00000|100%| O|  |TAMS 0x0000000089d00000, 0x0000000089d00000| Untracked 
| 100|0x0000000089e00000, 0x0000000089f00000, 0x0000000089f00000|100%| O|  |TAMS 0x0000000089e00000, 0x0000000089e00000| Untracked 
| 101|0x0000000089f00000, 0x000000008a000000, 0x000000008a000000|100%| O|  |TAMS 0x0000000089f00000, 0x0000000089f00000| Untracked 
| 102|0x000000008a000000, 0x000000008a100000, 0x000000008a100000|100%| O|  |TAMS 0x000000008a000000, 0x000000008a000000| Untracked 
| 103|0x000000008a100000, 0x000000008a200000, 0x000000008a200000|100%| O|  |TAMS 0x000000008a100000, 0x000000008a100000| Untracked 
| 104|0x000000008a200000, 0x000000008a300000, 0x000000008a300000|100%| O|  |TAMS 0x000000008a200000, 0x000000008a200000| Untracked 
| 105|0x000000008a300000, 0x000000008a400000, 0x000000008a400000|100%| O|  |TAMS 0x000000008a300000, 0x000000008a300000| Untracked 
| 106|0x000000008a400000, 0x000000008a500000, 0x000000008a500000|100%|HS|  |TAMS 0x000000008a400000, 0x000000008a400000| Complete 
| 107|0x000000008a500000, 0x000000008a600000, 0x000000008a600000|100%|HC|  |TAMS 0x000000008a500000, 0x000000008a500000| Complete 
| 108|0x000000008a600000, 0x000000008a700000, 0x000000008a700000|100%|HC|  |TAMS 0x000000008a600000, 0x000000008a600000| Complete 
| 109|0x000000008a700000, 0x000000008a800000, 0x000000008a800000|100%| O|  |TAMS 0x000000008a700000, 0x000000008a700000| Untracked 
| 110|0x000000008a800000, 0x000000008a900000, 0x000000008a900000|100%| O|  |TAMS 0x000000008a800000, 0x000000008a800000| Untracked 
| 111|0x000000008a900000, 0x000000008aa00000, 0x000000008aa00000|100%| O|  |TAMS 0x000000008a900000, 0x000000008a900000| Untracked 
| 112|0x000000008aa00000, 0x000000008ab00000, 0x000000008ab00000|100%| O|  |TAMS 0x000000008aa00000, 0x000000008aa00000| Untracked 
| 113|0x000000008ab00000, 0x000000008ac00000, 0x000000008ac00000|100%| O|  |TAMS 0x000000008ab00000, 0x000000008ab00000| Untracked 
| 114|0x000000008ac00000, 0x000000008ad00000, 0x000000008ad00000|100%| O|  |TAMS 0x000000008ac00000, 0x000000008ac00000| Untracked 
| 115|0x000000008ad00000, 0x000000008ae00000, 0x000000008ae00000|100%| O|  |TAMS 0x000000008ad00000, 0x000000008ad00000| Untracked 
| 116|0x000000008ae00000, 0x000000008af00000, 0x000000008af00000|100%| O|  |TAMS 0x000000008ae00000, 0x000000008ae00000| Untracked 
| 117|0x000000008af00000, 0x000000008b000000, 0x000000008b000000|100%| O|  |TAMS 0x000000008af00000, 0x000000008af00000| Untracked 
| 118|0x000000008b000000, 0x000000008b100000, 0x000000008b100000|100%| O|  |TAMS 0x000000008b000000, 0x000000008b000000| Untracked 
| 119|0x000000008b100000, 0x000000008b200000, 0x000000008b200000|100%| O|  |TAMS 0x000000008b100000, 0x000000008b100000| Untracked 
| 120|0x000000008b200000, 0x000000008b300000, 0x000000008b300000|100%| O|  |TAMS 0x000000008b200000, 0x000000008b200000| Untracked 
| 121|0x000000008b300000, 0x000000008b400000, 0x000000008b400000|100%| O|  |TAMS 0x000000008b300000, 0x000000008b300000| Untracked 
| 122|0x000000008b400000, 0x000000008b500000, 0x000000008b500000|100%| O|  |TAMS 0x000000008b400000, 0x000000008b400000| Untracked 
| 123|0x000000008b500000, 0x000000008b600000, 0x000000008b600000|100%| O|  |TAMS 0x000000008b500000, 0x000000008b500000| Untracked 
| 124|0x000000008b600000, 0x000000008b700000, 0x000000008b700000|100%| O|  |TAMS 0x000000008b600000, 0x000000008b600000| Untracked 
| 125|0x000000008b700000, 0x000000008b800000, 0x000000008b800000|100%| O|  |TAMS 0x000000008b700000, 0x000000008b700000| Untracked 
| 126|0x000000008b800000, 0x000000008b900000, 0x000000008b900000|100%| O|  |TAMS 0x000000008b800000, 0x000000008b800000| Untracked 
| 127|0x000000008b900000, 0x000000008ba00000, 0x000000008ba00000|100%| O|  |TAMS 0x000000008b900000, 0x000000008b900000| Untracked 
| 128|0x000000008ba00000, 0x000000008bb00000, 0x000000008bb00000|100%| O|  |TAMS 0x000000008ba00000, 0x000000008ba00000| Untracked 
| 129|0x000000008bb00000, 0x000000008bc00000, 0x000000008bc00000|100%| O|  |TAMS 0x000000008bb00000, 0x000000008bb00000| Untracked 
| 130|0x000000008bc00000, 0x000000008bd00000, 0x000000008bd00000|100%| O|  |TAMS 0x000000008bc00000, 0x000000008bc00000| Untracked 
| 131|0x000000008bd00000, 0x000000008bd80000, 0x000000008be00000| 50%| O|  |TAMS 0x000000008bd00000, 0x000000008bd00000| Untracked 
| 132|0x000000008be00000, 0x000000008be00000, 0x000000008bf00000|  0%| F|  |TAMS 0x000000008be00000, 0x000000008be00000| Untracked 
| 133|0x000000008bf00000, 0x000000008bf00000, 0x000000008c000000|  0%| F|  |TAMS 0x000000008bf00000, 0x000000008bf00000| Untracked 
| 134|0x000000008c000000, 0x000000008c000000, 0x000000008c100000|  0%| F|  |TAMS 0x000000008c000000, 0x000000008c000000| Untracked 
| 135|0x000000008c100000, 0x000000008c100000, 0x000000008c200000|  0%| F|  |TAMS 0x000000008c100000, 0x000000008c100000| Untracked 
| 136|0x000000008c200000, 0x000000008c200000, 0x000000008c300000|  0%| F|  |TAMS 0x000000008c200000, 0x000000008c200000| Untracked 
| 137|0x000000008c300000, 0x000000008c300000, 0x000000008c400000|  0%| F|  |TAMS 0x000000008c300000, 0x000000008c300000| Untracked 
| 138|0x000000008c400000, 0x000000008c400000, 0x000000008c500000|  0%| F|  |TAMS 0x000000008c400000, 0x000000008c400000| Untracked 
| 139|0x000000008c500000, 0x000000008c500000, 0x000000008c600000|  0%| F|  |TAMS 0x000000008c500000, 0x000000008c500000| Untracked 
| 140|0x000000008c600000, 0x000000008c600000, 0x000000008c700000|  0%| F|  |TAMS 0x000000008c600000, 0x000000008c600000| Untracked 
| 141|0x000000008c700000, 0x000000008c700000, 0x000000008c800000|  0%| F|  |TAMS 0x000000008c700000, 0x000000008c700000| Untracked 
| 142|0x000000008c800000, 0x000000008c800000, 0x000000008c900000|  0%| F|  |TAMS 0x000000008c800000, 0x000000008c800000| Untracked 
| 143|0x000000008c900000, 0x000000008c900000, 0x000000008ca00000|  0%| F|  |TAMS 0x000000008c900000, 0x000000008c900000| Untracked 
| 144|0x000000008ca00000, 0x000000008ca00000, 0x000000008cb00000|  0%| F|  |TAMS 0x000000008ca00000, 0x000000008ca00000| Untracked 
| 145|0x000000008cb00000, 0x000000008cb00000, 0x000000008cc00000|  0%| F|  |TAMS 0x000000008cb00000, 0x000000008cb00000| Untracked 
| 146|0x000000008cc00000, 0x000000008cc00000, 0x000000008cd00000|  0%| F|  |TAMS 0x000000008cc00000, 0x000000008cc00000| Untracked 
| 147|0x000000008cd00000, 0x000000008cd00000, 0x000000008ce00000|  0%| F|  |TAMS 0x000000008cd00000, 0x000000008cd00000| Untracked 
| 148|0x000000008ce00000, 0x000000008ce00000, 0x000000008cf00000|  0%| F|  |TAMS 0x000000008ce00000, 0x000000008ce00000| Untracked 
| 149|0x000000008cf00000, 0x000000008cf00000, 0x000000008d000000|  0%| F|  |TAMS 0x000000008cf00000, 0x000000008cf00000| Untracked 
| 150|0x000000008d000000, 0x000000008d000000, 0x000000008d100000|  0%| F|  |TAMS 0x000000008d000000, 0x000000008d000000| Untracked 
| 151|0x000000008d100000, 0x000000008d100000, 0x000000008d200000|  0%| F|  |TAMS 0x000000008d100000, 0x000000008d100000| Untracked 
| 152|0x000000008d200000, 0x000000008d200000, 0x000000008d300000|  0%| F|  |TAMS 0x000000008d200000, 0x000000008d200000| Untracked 
| 153|0x000000008d300000, 0x000000008d300000, 0x000000008d400000|  0%| F|  |TAMS 0x000000008d300000, 0x000000008d300000| Untracked 
| 154|0x000000008d400000, 0x000000008d400000, 0x000000008d500000|  0%| F|  |TAMS 0x000000008d400000, 0x000000008d400000| Untracked 
| 155|0x000000008d500000, 0x000000008d500000, 0x000000008d600000|  0%| F|  |TAMS 0x000000008d500000, 0x000000008d500000| Untracked 
| 156|0x000000008d600000, 0x000000008d600000, 0x000000008d700000|  0%| F|  |TAMS 0x000000008d600000, 0x000000008d600000| Untracked 
| 157|0x000000008d700000, 0x000000008d700000, 0x000000008d800000|  0%| F|  |TAMS 0x000000008d700000, 0x000000008d700000| Untracked 
| 158|0x000000008d800000, 0x000000008d800000, 0x000000008d900000|  0%| F|  |TAMS 0x000000008d800000, 0x000000008d800000| Untracked 
| 159|0x000000008d900000, 0x000000008d900000, 0x000000008da00000|  0%| F|  |TAMS 0x000000008d900000, 0x000000008d900000| Untracked 
| 160|0x000000008da00000, 0x000000008da00000, 0x000000008db00000|  0%| F|  |TAMS 0x000000008da00000, 0x000000008da00000| Untracked 
| 161|0x000000008db00000, 0x000000008db00000, 0x000000008dc00000|  0%| F|  |TAMS 0x000000008db00000, 0x000000008db00000| Untracked 
| 162|0x000000008dc00000, 0x000000008dc00000, 0x000000008dd00000|  0%| F|  |TAMS 0x000000008dc00000, 0x000000008dc00000| Untracked 
| 163|0x000000008dd00000, 0x000000008dd00000, 0x000000008de00000|  0%| F|  |TAMS 0x000000008dd00000, 0x000000008dd00000| Untracked 
| 164|0x000000008de00000, 0x000000008de00000, 0x000000008df00000|  0%| F|  |TAMS 0x000000008de00000, 0x000000008de00000| Untracked 
| 165|0x000000008df00000, 0x000000008df00000, 0x000000008e000000|  0%| F|  |TAMS 0x000000008df00000, 0x000000008df00000| Untracked 
| 166|0x000000008e000000, 0x000000008e000000, 0x000000008e100000|  0%| F|  |TAMS 0x000000008e000000, 0x000000008e000000| Untracked 
| 167|0x000000008e100000, 0x000000008e100000, 0x000000008e200000|  0%| F|  |TAMS 0x000000008e100000, 0x000000008e100000| Untracked 
| 168|0x000000008e200000, 0x000000008e200000, 0x000000008e300000|  0%| F|  |TAMS 0x000000008e200000, 0x000000008e200000| Untracked 
| 169|0x000000008e300000, 0x000000008e300000, 0x000000008e400000|  0%| F|  |TAMS 0x000000008e300000, 0x000000008e300000| Untracked 
| 170|0x000000008e400000, 0x000000008e400000, 0x000000008e500000|  0%| F|  |TAMS 0x000000008e400000, 0x000000008e400000| Untracked 
| 171|0x000000008e500000, 0x000000008e500000, 0x000000008e600000|  0%| F|  |TAMS 0x000000008e500000, 0x000000008e500000| Untracked 
| 172|0x000000008e600000, 0x000000008e600000, 0x000000008e700000|  0%| F|  |TAMS 0x000000008e600000, 0x000000008e600000| Untracked 
| 173|0x000000008e700000, 0x000000008e700000, 0x000000008e800000|  0%| F|  |TAMS 0x000000008e700000, 0x000000008e700000| Untracked 
| 174|0x000000008e800000, 0x000000008e800000, 0x000000008e900000|  0%| F|  |TAMS 0x000000008e800000, 0x000000008e800000| Untracked 
| 175|0x000000008e900000, 0x000000008e900000, 0x000000008ea00000|  0%| F|  |TAMS 0x000000008e900000, 0x000000008e900000| Untracked 
| 176|0x000000008ea00000, 0x000000008ea00000, 0x000000008eb00000|  0%| F|  |TAMS 0x000000008ea00000, 0x000000008ea00000| Untracked 
| 177|0x000000008eb00000, 0x000000008eb00000, 0x000000008ec00000|  0%| F|  |TAMS 0x000000008eb00000, 0x000000008eb00000| Untracked 
| 178|0x000000008ec00000, 0x000000008ec00000, 0x000000008ed00000|  0%| F|  |TAMS 0x000000008ec00000, 0x000000008ec00000| Untracked 
| 179|0x000000008ed00000, 0x000000008ed00000, 0x000000008ee00000|  0%| F|  |TAMS 0x000000008ed00000, 0x000000008ed00000| Untracked 
| 180|0x000000008ee00000, 0x000000008ee00000, 0x000000008ef00000|  0%| F|  |TAMS 0x000000008ee00000, 0x000000008ee00000| Untracked 
| 181|0x000000008ef00000, 0x000000008ef00000, 0x000000008f000000|  0%| F|  |TAMS 0x000000008ef00000, 0x000000008ef00000| Untracked 
| 182|0x000000008f000000, 0x000000008f000000, 0x000000008f100000|  0%| F|  |TAMS 0x000000008f000000, 0x000000008f000000| Untracked 
| 183|0x000000008f100000, 0x000000008f100000, 0x000000008f200000|  0%| F|  |TAMS 0x000000008f100000, 0x000000008f100000| Untracked 
| 184|0x000000008f200000, 0x000000008f300000, 0x000000008f300000|100%| S|CS|TAMS 0x000000008f200000, 0x000000008f200000| Complete 
| 185|0x000000008f300000, 0x000000008f400000, 0x000000008f400000|100%| S|CS|TAMS 0x000000008f300000, 0x000000008f300000| Complete 
| 186|0x000000008f400000, 0x000000008f500000, 0x000000008f500000|100%| S|CS|TAMS 0x000000008f400000, 0x000000008f400000| Complete 
| 187|0x000000008f500000, 0x000000008f500000, 0x000000008f600000|  0%| F|  |TAMS 0x000000008f500000, 0x000000008f500000| Untracked 
| 188|0x000000008f600000, 0x000000008f600000, 0x000000008f700000|  0%| F|  |TAMS 0x000000008f600000, 0x000000008f600000| Untracked 
| 189|0x000000008f700000, 0x000000008f700000, 0x000000008f800000|  0%| F|  |TAMS 0x000000008f700000, 0x000000008f700000| Untracked 
| 190|0x000000008f800000, 0x000000008f800000, 0x000000008f900000|  0%| F|  |TAMS 0x000000008f800000, 0x000000008f800000| Untracked 
| 191|0x000000008f900000, 0x000000008f900000, 0x000000008fa00000|  0%| F|  |TAMS 0x000000008f900000, 0x000000008f900000| Untracked 
| 192|0x000000008fa00000, 0x000000008fa00000, 0x000000008fb00000|  0%| F|  |TAMS 0x000000008fa00000, 0x000000008fa00000| Untracked 
| 193|0x000000008fb00000, 0x000000008fb00000, 0x000000008fc00000|  0%| F|  |TAMS 0x000000008fb00000, 0x000000008fb00000| Untracked 
| 194|0x000000008fc00000, 0x000000008fc00000, 0x000000008fd00000|  0%| F|  |TAMS 0x000000008fc00000, 0x000000008fc00000| Untracked 
| 195|0x000000008fd00000, 0x000000008fd00000, 0x000000008fe00000|  0%| F|  |TAMS 0x000000008fd00000, 0x000000008fd00000| Untracked 
| 196|0x000000008fe00000, 0x000000008fe00000, 0x000000008ff00000|  0%| F|  |TAMS 0x000000008fe00000, 0x000000008fe00000| Untracked 
| 197|0x000000008ff00000, 0x000000008ff00000, 0x0000000090000000|  0%| F|  |TAMS 0x000000008ff00000, 0x000000008ff00000| Untracked 
| 198|0x0000000090000000, 0x0000000090100000, 0x0000000090100000|100%| S|CS|TAMS 0x0000000090000000, 0x0000000090000000| Complete 
| 199|0x0000000090100000, 0x0000000090200000, 0x0000000090200000|100%| S|CS|TAMS 0x0000000090100000, 0x0000000090100000| Complete 
| 200|0x0000000090200000, 0x0000000090300000, 0x0000000090300000|100%| S|CS|TAMS 0x0000000090200000, 0x0000000090200000| Complete 
| 201|0x0000000090300000, 0x0000000090400000, 0x0000000090400000|100%| S|CS|TAMS 0x0000000090300000, 0x0000000090300000| Complete 
| 202|0x0000000090400000, 0x0000000090500000, 0x0000000090500000|100%| S|CS|TAMS 0x0000000090400000, 0x0000000090400000| Complete 
| 203|0x0000000090500000, 0x0000000090600000, 0x0000000090600000|100%| S|CS|TAMS 0x0000000090500000, 0x0000000090500000| Complete 
| 204|0x0000000090600000, 0x0000000090700000, 0x0000000090700000|100%| S|CS|TAMS 0x0000000090600000, 0x0000000090600000| Complete 
| 205|0x0000000090700000, 0x0000000090800000, 0x0000000090800000|100%| S|CS|TAMS 0x0000000090700000, 0x0000000090700000| Complete 
| 206|0x0000000090800000, 0x0000000090800000, 0x0000000090900000|  0%| F|  |TAMS 0x0000000090800000, 0x0000000090800000| Untracked 
| 207|0x0000000090900000, 0x0000000090900000, 0x0000000090a00000|  0%| F|  |TAMS 0x0000000090900000, 0x0000000090900000| Untracked 
| 208|0x0000000090a00000, 0x0000000090a00000, 0x0000000090b00000|  0%| F|  |TAMS 0x0000000090a00000, 0x0000000090a00000| Untracked 
| 209|0x0000000090b00000, 0x0000000090b00000, 0x0000000090c00000|  0%| F|  |TAMS 0x0000000090b00000, 0x0000000090b00000| Untracked 
| 210|0x0000000090c00000, 0x0000000090c00000, 0x0000000090d00000|  0%| F|  |TAMS 0x0000000090c00000, 0x0000000090c00000| Untracked 
| 211|0x0000000090d00000, 0x0000000090d00000, 0x0000000090e00000|  0%| F|  |TAMS 0x0000000090d00000, 0x0000000090d00000| Untracked 
| 212|0x0000000090e00000, 0x0000000090e00000, 0x0000000090f00000|  0%| F|  |TAMS 0x0000000090e00000, 0x0000000090e00000| Untracked 
| 213|0x0000000090f00000, 0x0000000090f00000, 0x0000000091000000|  0%| F|  |TAMS 0x0000000090f00000, 0x0000000090f00000| Untracked 
| 214|0x0000000091000000, 0x0000000091000000, 0x0000000091100000|  0%| F|  |TAMS 0x0000000091000000, 0x0000000091000000| Untracked 
| 215|0x0000000091100000, 0x0000000091100000, 0x0000000091200000|  0%| F|  |TAMS 0x0000000091100000, 0x0000000091100000| Untracked 
| 216|0x0000000091200000, 0x0000000091200000, 0x0000000091300000|  0%| F|  |TAMS 0x0000000091200000, 0x0000000091200000| Untracked 
| 217|0x0000000091300000, 0x0000000091300000, 0x0000000091400000|  0%| F|  |TAMS 0x0000000091300000, 0x0000000091300000| Untracked 
| 218|0x0000000091400000, 0x0000000091400000, 0x0000000091500000|  0%| F|  |TAMS 0x0000000091400000, 0x0000000091400000| Untracked 
| 219|0x0000000091500000, 0x0000000091500000, 0x0000000091600000|  0%| F|  |TAMS 0x0000000091500000, 0x0000000091500000| Untracked 
| 220|0x0000000091600000, 0x0000000091600000, 0x0000000091700000|  0%| F|  |TAMS 0x0000000091600000, 0x0000000091600000| Untracked 
| 221|0x0000000091700000, 0x0000000091700000, 0x0000000091800000|  0%| F|  |TAMS 0x0000000091700000, 0x0000000091700000| Untracked 
| 222|0x0000000091800000, 0x0000000091800000, 0x0000000091900000|  0%| F|  |TAMS 0x0000000091800000, 0x0000000091800000| Untracked 
| 223|0x0000000091900000, 0x0000000091900000, 0x0000000091a00000|  0%| F|  |TAMS 0x0000000091900000, 0x0000000091900000| Untracked 
| 224|0x0000000091a00000, 0x0000000091a00000, 0x0000000091b00000|  0%| F|  |TAMS 0x0000000091a00000, 0x0000000091a00000| Untracked 
| 225|0x0000000091b00000, 0x0000000091b00000, 0x0000000091c00000|  0%| F|  |TAMS 0x0000000091b00000, 0x0000000091b00000| Untracked 
| 226|0x0000000091c00000, 0x0000000091c00000, 0x0000000091d00000|  0%| F|  |TAMS 0x0000000091c00000, 0x0000000091c00000| Untracked 
| 227|0x0000000091d00000, 0x0000000091d00000, 0x0000000091e00000|  0%| F|  |TAMS 0x0000000091d00000, 0x0000000091d00000| Untracked 
| 228|0x0000000091e00000, 0x0000000091e00000, 0x0000000091f00000|  0%| F|  |TAMS 0x0000000091e00000, 0x0000000091e00000| Untracked 
| 229|0x0000000091f00000, 0x0000000091f00000, 0x0000000092000000|  0%| F|  |TAMS 0x0000000091f00000, 0x0000000091f00000| Untracked 
| 230|0x0000000092000000, 0x0000000092000000, 0x0000000092100000|  0%| F|  |TAMS 0x0000000092000000, 0x0000000092000000| Untracked 
| 231|0x0000000092100000, 0x0000000092100000, 0x0000000092200000|  0%| F|  |TAMS 0x0000000092100000, 0x0000000092100000| Untracked 
| 232|0x0000000092200000, 0x0000000092200000, 0x0000000092300000|  0%| F|  |TAMS 0x0000000092200000, 0x0000000092200000| Untracked 
| 233|0x0000000092300000, 0x0000000092300000, 0x0000000092400000|  0%| F|  |TAMS 0x0000000092300000, 0x0000000092300000| Untracked 
| 234|0x0000000092400000, 0x0000000092400000, 0x0000000092500000|  0%| F|  |TAMS 0x0000000092400000, 0x0000000092400000| Untracked 
| 235|0x0000000092500000, 0x0000000092500000, 0x0000000092600000|  0%| F|  |TAMS 0x0000000092500000, 0x0000000092500000| Untracked 
| 236|0x0000000092600000, 0x0000000092600000, 0x0000000092700000|  0%| F|  |TAMS 0x0000000092600000, 0x0000000092600000| Untracked 
| 237|0x0000000092700000, 0x0000000092700000, 0x0000000092800000|  0%| F|  |TAMS 0x0000000092700000, 0x0000000092700000| Untracked 
| 238|0x0000000092800000, 0x0000000092800000, 0x0000000092900000|  0%| F|  |TAMS 0x0000000092800000, 0x0000000092800000| Untracked 
| 239|0x0000000092900000, 0x0000000092900000, 0x0000000092a00000|  0%| F|  |TAMS 0x0000000092900000, 0x0000000092900000| Untracked 
| 240|0x0000000092a00000, 0x0000000092a00000, 0x0000000092b00000|  0%| F|  |TAMS 0x0000000092a00000, 0x0000000092a00000| Untracked 
| 241|0x0000000092b00000, 0x0000000092b00000, 0x0000000092c00000|  0%| F|  |TAMS 0x0000000092b00000, 0x0000000092b00000| Untracked 
| 242|0x0000000092c00000, 0x0000000092c00000, 0x0000000092d00000|  0%| F|  |TAMS 0x0000000092c00000, 0x0000000092c00000| Untracked 
| 243|0x0000000092d00000, 0x0000000092d00000, 0x0000000092e00000|  0%| F|  |TAMS 0x0000000092d00000, 0x0000000092d00000| Untracked 
| 244|0x0000000092e00000, 0x0000000092e00000, 0x0000000092f00000|  0%| F|  |TAMS 0x0000000092e00000, 0x0000000092e00000| Untracked 
| 245|0x0000000092f00000, 0x0000000092f00000, 0x0000000093000000|  0%| F|  |TAMS 0x0000000092f00000, 0x0000000092f00000| Untracked 
| 246|0x0000000093000000, 0x0000000093000000, 0x0000000093100000|  0%| F|  |TAMS 0x0000000093000000, 0x0000000093000000| Untracked 
| 247|0x0000000093100000, 0x0000000093100000, 0x0000000093200000|  0%| F|  |TAMS 0x0000000093100000, 0x0000000093100000| Untracked 
| 248|0x0000000093200000, 0x0000000093200000, 0x0000000093300000|  0%| F|  |TAMS 0x0000000093200000, 0x0000000093200000| Untracked 
| 249|0x0000000093300000, 0x0000000093300000, 0x0000000093400000|  0%| F|  |TAMS 0x0000000093300000, 0x0000000093300000| Untracked 
| 250|0x0000000093400000, 0x0000000093400000, 0x0000000093500000|  0%| F|  |TAMS 0x0000000093400000, 0x0000000093400000| Untracked 
| 251|0x0000000093500000, 0x0000000093500000, 0x0000000093600000|  0%| F|  |TAMS 0x0000000093500000, 0x0000000093500000| Untracked 
| 252|0x0000000093600000, 0x0000000093600000, 0x0000000093700000|  0%| F|  |TAMS 0x0000000093600000, 0x0000000093600000| Untracked 
| 253|0x0000000093700000, 0x0000000093700000, 0x0000000093800000|  0%| F|  |TAMS 0x0000000093700000, 0x0000000093700000| Untracked 
| 254|0x0000000093800000, 0x0000000093800000, 0x0000000093900000|  0%| F|  |TAMS 0x0000000093800000, 0x0000000093800000| Untracked 
| 255|0x0000000093900000, 0x0000000093900000, 0x0000000093a00000|  0%| F|  |TAMS 0x0000000093900000, 0x0000000093900000| Untracked 
| 256|0x0000000093a00000, 0x0000000093a00000, 0x0000000093b00000|  0%| F|  |TAMS 0x0000000093a00000, 0x0000000093a00000| Untracked 
| 257|0x0000000093b00000, 0x0000000093b00000, 0x0000000093c00000|  0%| F|  |TAMS 0x0000000093b00000, 0x0000000093b00000| Untracked 
| 258|0x0000000093c00000, 0x0000000093c00000, 0x0000000093d00000|  0%| F|  |TAMS 0x0000000093c00000, 0x0000000093c00000| Untracked 
| 259|0x0000000093d00000, 0x0000000093d00000, 0x0000000093e00000|  0%| F|  |TAMS 0x0000000093d00000, 0x0000000093d00000| Untracked 
| 260|0x0000000093e00000, 0x0000000093e00000, 0x0000000093f00000|  0%| F|  |TAMS 0x0000000093e00000, 0x0000000093e00000| Untracked 
| 261|0x0000000093f00000, 0x0000000093f00000, 0x0000000094000000|  0%| F|  |TAMS 0x0000000093f00000, 0x0000000093f00000| Untracked 
| 262|0x0000000094000000, 0x0000000094000000, 0x0000000094100000|  0%| F|  |TAMS 0x0000000094000000, 0x0000000094000000| Untracked 
| 263|0x0000000094100000, 0x0000000094100000, 0x0000000094200000|  0%| F|  |TAMS 0x0000000094100000, 0x0000000094100000| Untracked 
| 264|0x0000000094200000, 0x0000000094200000, 0x0000000094300000|  0%| F|  |TAMS 0x0000000094200000, 0x0000000094200000| Untracked 
| 265|0x0000000094300000, 0x0000000094300000, 0x0000000094400000|  0%| F|  |TAMS 0x0000000094300000, 0x0000000094300000| Untracked 
| 266|0x0000000094400000, 0x0000000094400000, 0x0000000094500000|  0%| F|  |TAMS 0x0000000094400000, 0x0000000094400000| Untracked 
| 267|0x0000000094500000, 0x0000000094500000, 0x0000000094600000|  0%| F|  |TAMS 0x0000000094500000, 0x0000000094500000| Untracked 
| 268|0x0000000094600000, 0x0000000094600000, 0x0000000094700000|  0%| F|  |TAMS 0x0000000094600000, 0x0000000094600000| Untracked 
| 269|0x0000000094700000, 0x0000000094700000, 0x0000000094800000|  0%| F|  |TAMS 0x0000000094700000, 0x0000000094700000| Untracked 
| 270|0x0000000094800000, 0x0000000094800000, 0x0000000094900000|  0%| F|  |TAMS 0x0000000094800000, 0x0000000094800000| Untracked 
| 271|0x0000000094900000, 0x0000000094900000, 0x0000000094a00000|  0%| F|  |TAMS 0x0000000094900000, 0x0000000094900000| Untracked 
| 272|0x0000000094a00000, 0x0000000094a00000, 0x0000000094b00000|  0%| F|  |TAMS 0x0000000094a00000, 0x0000000094a00000| Untracked 
| 273|0x0000000094b00000, 0x0000000094b00000, 0x0000000094c00000|  0%| F|  |TAMS 0x0000000094b00000, 0x0000000094b00000| Untracked 
| 274|0x0000000094c00000, 0x0000000094c00000, 0x0000000094d00000|  0%| F|  |TAMS 0x0000000094c00000, 0x0000000094c00000| Untracked 
| 275|0x0000000094d00000, 0x0000000094d00000, 0x0000000094e00000|  0%| F|  |TAMS 0x0000000094d00000, 0x0000000094d00000| Untracked 
| 276|0x0000000094e00000, 0x0000000094e00000, 0x0000000094f00000|  0%| F|  |TAMS 0x0000000094e00000, 0x0000000094e00000| Untracked 
| 277|0x0000000094f00000, 0x0000000094f00000, 0x0000000095000000|  0%| F|  |TAMS 0x0000000094f00000, 0x0000000094f00000| Untracked 
|1988|0x00000000ffe00000, 0x00000000ffe35000, 0x00000000fff00000| 20%|OA|  |TAMS 0x00000000ffe00000, 0x00000000ffe00000| Untracked 
|1989|0x00000000fff00000, 0x00000000fff6a000, 0x0000000100000000| 41%|CA|  |TAMS 0x00000000fff00000, 0x00000000fff00000| Untracked 

Card table byte_map: [0x00007f8d6459b000,0x00007f8d6497e000] _byte_map_base: 0x00007f8d6417e000

Marking Bits (Prev, Next): (CMBitMap*) 0x00007f8d7c050668, (CMBitMap*) 0x00007f8d7c0506a0
 Prev Bits: [0x00007f8d5e0e8000, 0x00007f8d60000000)
 Next Bits: [0x00007f8d5c1d0000, 0x00007f8d5e0e8000)

Polling page: 0x00007f8d82909000

Metaspace:

Usage:
  Non-class:      4,02 MB capacity,   571,66 KB ( 14%) used,     3,46 MB ( 86%) free+waste,   512 bytes ( <1%) overhead. 
      Class:    388,00 KB capacity,    35,26 KB (  9%) used,   352,49 KB ( 91%) free+waste,   256 bytes ( <1%) overhead. 
       Both:      4,39 MB capacity,   606,91 KB ( 13%) used,     3,80 MB ( 86%) free+waste,   768 bytes ( <1%) overhead. 

Virtual space:
  Non-class space:        8,00 MB reserved,       4,25 MB ( 53%) committed 
      Class space:        1,00 GB reserved,     512,00 KB ( <1%) committed 
             Both:        1,01 GB reserved,       4,75 MB ( <1%) committed 

Chunk freelists:
   Non-Class:  0 bytes
       Class:  0 bytes
        Both:  0 bytes

CodeHeap 'non-profiled nmethods': size=120032Kb used=192Kb max_used=192Kb free=119839Kb
 bounds [0x00007f8d6c446000, 0x00007f8d6c6b6000, 0x00007f8d7397e000]
CodeHeap 'profiled nmethods': size=120028Kb used=738Kb max_used=738Kb free=119289Kb
 bounds [0x00007f8d64f0f000, 0x00007f8d6517f000, 0x00007f8d6c446000]
CodeHeap 'non-nmethods': size=5700Kb used=1040Kb max_used=1057Kb free=4659Kb
 bounds [0x00007f8d6497e000, 0x00007f8d64bee000, 0x00007f8d64f0f000]
 total_blobs=759 nmethods=284 adapters=235
 compilation: enabled
              stopped_count=0, restarted_count=0
 full_count=0

Compilation events (10 events):
Event: 1,090 Thread 0x00007f8d7c12f000  286       3       sun.nio.cs.UTF_8$Decoder::decodeLoop (28 bytes)
Event: 1,091 Thread 0x00007f8d7c12f000 nmethod 286 0x00007f8d64fc2610 code [0x00007f8d64fc2800, 0x00007f8d64fc2c58]
Event: 1,091 Thread 0x00007f8d7c12f000  285   !   3       java.nio.charset.CharsetDecoder::decode (287 bytes)
Event: 1,093 Thread 0x00007f8d7c12f000 nmethod 285 0x00007f8d64fc2d90 code [0x00007f8d64fc30e0, 0x00007f8d64fc4638]
Event: 1,098 Thread 0x00007f8d7c12f000  287       3       java.lang.AbstractStringBuilder::checkRange (60 bytes)
Event: 1,099 Thread 0x00007f8d7c12f000 nmethod 287 0x00007f8d64fc4d10 code [0x00007f8d64fc4fe0, 0x00007f8d64fc5b78]
Event: 1,099 Thread 0x00007f8d7c12f000  288       3       java.lang.AbstractStringBuilder::appendChars (130 bytes)
Event: 1,100 Thread 0x00007f8d7c12f000 nmethod 288 0x00007f8d64fc5f90 code [0x00007f8d64fc6200, 0x00007f8d64fc6d68]
Event: 1,100 Thread 0x00007f8d7c12f000  289  s    3       java.lang.StringBuffer::append (15 bytes)
Event: 1,101 Thread 0x00007f8d7c12f000 nmethod 289 0x00007f8d64fc7310 code [0x00007f8d64fc7500, 0x00007f8d64fc7988]

GC Heap History (10 events):
Event: 0,573 GC heap after
{Heap after GC invocations=4 (full 0):
 garbage-first heap   total 131072K, used 36338K [0x0000000083a00000, 0x0000000100000000)
  region size 1024K, 6 young (6144K), 6 survivors (6144K)
 Metaspace       used 600K, capacity 4500K, committed 4864K, reserved 1056768K
  class space    used 35K, capacity 388K, committed 512K, reserved 1048576K
}
Event: 0,599 GC heap before
{Heap before GC invocations=4 (full 0):
 garbage-first heap   total 131072K, used 78322K [0x0000000083a00000, 0x0000000100000000)
  region size 1024K, 46 young (47104K), 6 survivors (6144K)
 Metaspace       used 606K, capacity 4500K, committed 4864K, reserved 1056768K
  class space    used 35K, capacity 388K, committed 512K, reserved 1048576K
}
Event: 0,619 GC heap after
{Heap after GC invocations=5 (full 0):
 garbage-first heap   total 286720K, used 48764K [0x0000000083a00000, 0x0000000100000000)
  region size 1024K, 6 young (6144K), 6 survivors (6144K)
 Metaspace       used 606K, capacity 4500K, committed 4864K, reserved 1056768K
  class space    used 35K, capacity 388K, committed 512K, reserved 1048576K
}
Event: 0,840 GC heap before
{Heap before GC invocations=5 (full 0):
 garbage-first heap   total 286720K, used 120444K [0x0000000083a00000, 0x0000000100000000)
  region size 1024K, 75 young (76800K), 6 survivors (6144K)
 Metaspace       used 606K, capacity 4500K, committed 4864K, reserved 1056768K
  class space    used 35K, capacity 388K, committed 512K, reserved 1048576K
}
Event: 0,957 GC heap after
{Heap after GC invocations=6 (full 0):
 garbage-first heap   total 286720K, used 70268K [0x0000000083a00000, 0x0000000100000000)
  region size 1024K, 10 young (10240K), 10 survivors (10240K)
 Metaspace       used 606K, capacity 4500K, committed 4864K, reserved 1056768K
  class space    used 35K, capacity 388K, committed 512K, reserved 1048576K
}
Event: 1,020 GC heap before
{Heap before GC invocations=6 (full 0):
 garbage-first heap   total 286720K, used 155260K [0x0000000083a00000, 0x0000000100000000)
  region size 1024K, 91 young (93184K), 10 survivors (10240K)
 Metaspace       used 606K, capacity 4500K, committed 4864K, reserved 1056768K
  class space    used 35K, capacity 388K, committed 512K, reserved 1048576K
}
Event: 1,077 GC heap after
{Heap after GC invocations=7 (full 0):
 garbage-first heap   total 286720K, used 96831K [0x0000000083a00000, 0x0000000100000000)
  region size 1024K, 12 young (12288K), 12 survivors (12288K)
 Metaspace       used 606K, capacity 4500K, committed 4864K, reserved 1056768K
  class space    used 35K, capacity 388K, committed 512K, reserved 1048576K
}
Event: 1,126 GC heap before
{Heap before GC invocations=7 (full 0):
 garbage-first heap   total 286720K, used 178751K [0x0000000083a00000, 0x0000000100000000)
  region size 1024K, 92 young (94208K), 12 survivors (12288K)
 Metaspace       used 606K, capacity 4500K, committed 4864K, reserved 1056768K
  class space    used 35K, capacity 388K, committed 512K, reserved 1048576K
}
Event: 1,150 GC heap after
{Heap after GC invocations=8 (full 0):
 garbage-first heap   total 286720K, used 121468K [0x0000000083a00000, 0x0000000100000000)
  region size 1024K, 12 young (12288K), 12 survivors (12288K)
 Metaspace       used 606K, capacity 4500K, committed 4864K, reserved 1056768K
  class space    used 35K, capacity 388K, committed 512K, reserved 1048576K
}
Event: 1,198 GC heap before
{Heap before GC invocations=8 (full 0):
 garbage-first heap   total 286720K, used 198268K [0x0000000083a00000, 0x0000000100000000)
  region size 1024K, 84 young (86016K), 12 survivors (12288K)
 Metaspace       used 606K, capacity 4500K, committed 4864K, reserved 1056768K
  class space    used 35K, capacity 388K, committed 512K, reserved 1048576K
}

Deoptimization events (2 events):
Event: 0,048 Thread 0x00007f8d7c011000 Uncommon trap: reason=unstable_if action=reinterpret pc=0x00007f8d6c449fc8 method=java.lang.String.hashCode()I @ 14 c2
Event: 0,317 Thread 0x00007f8d7c011000 Uncommon trap: reason=intrinsic_or_type_checked_inlining action=make_not_entrant pc=0x00007f8d6c458f00 method=java.util.ArrayList$SubList.toArray([Ljava/lang/Object;)[Ljava/lang/Object; @ 58 c2

Classes redefined (0 events):
No events

Internal exceptions (0 events):
No events

Events (10 events):
Event: 0,573 Executing VM operation: G1CollectForAllocation done
Event: 0,599 Executing VM operation: G1CollectForAllocation
Event: 0,619 Executing VM operation: G1CollectForAllocation done
Event: 0,840 Executing VM operation: G1CollectForAllocation
Event: 0,957 Executing VM operation: G1CollectForAllocation done
Event: 1,020 Executing VM operation: G1CollectForAllocation
Event: 1,077 Executing VM operation: G1CollectForAllocation done
Event: 1,126 Executing VM operation: G1CollectForAllocation
Event: 1,150 Executing VM operation: G1CollectForAllocation done
Event: 1,198 Executing VM operation: G1CollectForAllocation


Dynamic libraries:
83a00000-95000000 rw-p 00000000 00:00 0 
b8000000-ffe00000 ---p 00000000 00:00 0 
ffe00000-ffe35000 rw-p 0111e000 08:15 1595317                            /usr/lib/jvm/java-11-openjdk-amd64/lib/server/classes.jsa
ffe35000-fff00000 rw-p 00000000 00:00 0 
fff00000-fff6a000 rw-p 010b4000 08:15 1595317                            /usr/lib/jvm/java-11-openjdk-amd64/lib/server/classes.jsa
fff6a000-100000000 rw-p 00000000 00:00 0 
800000000-800002000 rwxp 00001000 08:15 1595317                          /usr/lib/jvm/java-11-openjdk-amd64/lib/server/classes.jsa
800002000-8003bf000 rw-p 00003000 08:15 1595317                          /usr/lib/jvm/java-11-openjdk-amd64/lib/server/classes.jsa
8003bf000-800a9c000 r--p 003c0000 08:15 1595317                          /usr/lib/jvm/java-11-openjdk-amd64/lib/server/classes.jsa
800a9c000-800a9d000 rw-p 00a9d000 08:15 1595317                          /usr/lib/jvm/java-11-openjdk-amd64/lib/server/classes.jsa
800a9d000-8010b3000 r--p 00a9e000 08:15 1595317                          /usr/lib/jvm/java-11-openjdk-amd64/lib/server/classes.jsa
840000000-840080000 rw-p 00000000 00:00 0 
840080000-880000000 ---p 00000000 00:00 0 
56471ccc4000-56471ccc5000 r--p 00000000 08:15 5901834                    /usr/lib/jvm/java-11-openjdk-amd64/bin/java
56471ccc5000-56471ccc6000 r-xp 00001000 08:15 5901834                    /usr/lib/jvm/java-11-openjdk-amd64/bin/java
56471ccc6000-56471ccc7000 r--p 00002000 08:15 5901834                    /usr/lib/jvm/java-11-openjdk-amd64/bin/java
56471ccc7000-56471ccc8000 r--p 00002000 08:15 5901834                    /usr/lib/jvm/java-11-openjdk-amd64/bin/java
56471ccc8000-56471ccc9000 rw-p 00003000 08:15 5901834                    /usr/lib/jvm/java-11-openjdk-amd64/bin/java
56471e290000-56471e2b1000 rw-p 00000000 00:00 0                          [heap]
7f8d04000000-7f8d04021000 rw-p 00000000 00:00 0 
7f8d04021000-7f8d08000000 ---p 00000000 00:00 0 
7f8d08000000-7f8d08021000 rw-p 00000000 00:00 0 
7f8d08021000-7f8d0c000000 ---p 00000000 00:00 0 
7f8d0c000000-7f8d0c021000 rw-p 00000000 00:00 0 
7f8d0c021000-7f8d10000000 ---p 00000000 00:00 0 
7f8d10000000-7f8d10021000 rw-p 00000000 00:00 0 
7f8d10021000-7f8d14000000 ---p 00000000 00:00 0 
7f8d14000000-7f8d14021000 rw-p 00000000 00:00 0 
7f8d14021000-7f8d18000000 ---p 00000000 00:00 0 
7f8d18000000-7f8d18021000 rw-p 00000000 00:00 0 
7f8d18021000-7f8d1c000000 ---p 00000000 00:00 0 
7f8d1c000000-7f8d1c021000 rw-p 00000000 00:00 0 
7f8d1c021000-7f8d20000000 ---p 00000000 00:00 0 
7f8d238f3000-7f8d238f4000 ---p 00000000 00:00 0 
7f8d238f4000-7f8d239f5000 rw-p 00000000 00:00 0 
7f8d239f5000-7f8d239f6000 ---p 00000000 00:00 0 
7f8d239f6000-7f8d23af7000 rw-p 00000000 00:00 0 
7f8d23af7000-7f8d23af8000 ---p 00000000 00:00 0 
7f8d23af8000-7f8d23bf9000 rw-p 00000000 00:00 0 
7f8d23bf9000-7f8d23bfa000 ---p 00000000 00:00 0 
7f8d23bfa000-7f8d23cfb000 rw-p 00000000 00:00 0 
7f8d23cfb000-7f8d23cfc000 ---p 00000000 00:00 0 
7f8d23cfc000-7f8d23dfd000 rw-p 00000000 00:00 0 
7f8d23dfd000-7f8d23dfe000 ---p 00000000 00:00 0 
7f8d23dfe000-7f8d23eff000 rw-p 00000000 00:00 0 
7f8d23eff000-7f8d23f03000 ---p 00000000 00:00 0 
7f8d23f03000-7f8d24000000 rw-p 00000000 00:00 0 
7f8d24000000-7f8d24021000 rw-p 00000000 00:00 0 
7f8d24021000-7f8d28000000 ---p 00000000 00:00 0 
7f8d28000000-7f8d28021000 rw-p 00000000 00:00 0 
7f8d28021000-7f8d2c000000 ---p 00000000 00:00 0 
7f8d2c000000-7f8d2c473000 rw-p 00000000 00:00 0 
7f8d2c473000-7f8d30000000 ---p 00000000 00:00 0 
7f8d30000000-7f8d30021000 rw-p 00000000 00:00 0 
7f8d30021000-7f8d34000000 ---p 00000000 00:00 0 
7f8d34000000-7f8d34021000 rw-p 00000000 00:00 0 
7f8d34021000-7f8d38000000 ---p 00000000 00:00 0 
7f8d38000000-7f8d3887c000 rw-p 00000000 00:00 0 
7f8d3887c000-7f8d3c000000 ---p 00000000 00:00 0 
7f8d3c000000-7f8d3c021000 rw-p 00000000 00:00 0 
7f8d3c021000-7f8d40000000 ---p 00000000 00:00 0 
7f8d40000000-7f8d40021000 rw-p 00000000 00:00 0 
7f8d40021000-7f8d44000000 ---p 00000000 00:00 0 
7f8d44000000-7f8d44021000 rw-p 00000000 00:00 0 
7f8d44021000-7f8d48000000 ---p 00000000 00:00 0 
7f8d48000000-7f8d48092000 rw-p 00000000 00:00 0 
7f8d48092000-7f8d4c000000 ---p 00000000 00:00 0 
7f8d4c000000-7f8d4c021000 rw-p 00000000 00:00 0 
7f8d4c021000-7f8d50000000 ---p 00000000 00:00 0 
7f8d50000000-7f8d50021000 rw-p 00000000 00:00 0 
7f8d50021000-7f8d54000000 ---p 00000000 00:00 0 
7f8d54079000-7f8d5407a000 ---p 00000000 00:00 0 
7f8d5407a000-7f8d5417b000 rw-p 00000000 00:00 0 
7f8d5417b000-7f8d5417f000 ---p 00000000 00:00 0 
7f8d5417f000-7f8d5427c000 rw-p 00000000 00:00 0 
7f8d5427c000-7f8d54280000 ---p 00000000 00:00 0 
7f8d54280000-7f8d5437d000 rw-p 00000000 00:00 0 
7f8d5437d000-7f8d54381000 ---p 00000000 00:00 0 
7f8d54381000-7f8d5447e000 rw-p 00000000 00:00 0 
7f8d5447e000-7f8d54482000 ---p 00000000 00:00 0 
7f8d54482000-7f8d5457f000 rw-p 00000000 00:00 0 
7f8d5457f000-7f8d54583000 ---p 00000000 00:00 0 
7f8d54583000-7f8d54680000 rw-p 00000000 00:00 0 
7f8d54680000-7f8d54bf1000 r--p 00000000 08:15 5898371                    /usr/lib/locale/locale-archive
7f8d54bf1000-7f8d54bf5000 ---p 00000000 00:00 0 
7f8d54bf5000-7f8d54cf2000 rw-p 00000000 00:00 0 
7f8d54cf2000-7f8d54cf6000 ---p 00000000 00:00 0 
7f8d54cf6000-7f8d54df3000 rw-p 00000000 00:00 0 
7f8d54df3000-7f8d54df4000 ---p 00000000 00:00 0 
7f8d54df4000-7f8d55335000 rw-p 00000000 00:00 0 
7f8d55335000-7f8d556f5000 ---p 00000000 00:00 0 
7f8d556f5000-7f8d556f6000 ---p 00000000 00:00 0 
7f8d556f6000-7f8d557f7000 rw-p 00000000 00:00 0 
7f8d557f7000-7f8d557f8000 ---p 00000000 00:00 0 
7f8d557f8000-7f8d58000000 rw-p 00000000 00:00 0 
7f8d58000000-7f8d58021000 rw-p 00000000 00:00 0 
7f8d58021000-7f8d5c000000 ---p 00000000 00:00 0 
7f8d5c04e000-7f8d5c628000 rw-p 00000000 00:00 0 
7f8d5c628000-7f8d5e0e0000 ---p 00000000 00:00 0 
7f8d5e0e0000-7f8d5e540000 rw-p 00000000 00:00 0 
7f8d5e540000-7f8d5fff8000 ---p 00000000 00:00 0 
7f8d5fff8000-7f8d60000000 rw-p 00000000 00:00 0 
7f8d60000000-7f8d60021000 rw-p 00000000 00:00 0 
7f8d60021000-7f8d64000000 ---p 00000000 00:00 0 
7f8d6402a000-7f8d640b6000 rw-p 00000000 00:00 0 
7f8d640b6000-7f8d640b7000 ---p 00000000 00:00 0 
7f8d640b7000-7f8d64243000 rw-p 00000000 00:00 0 
7f8d64243000-7f8d6459a000 ---p 00000000 00:00 0 
7f8d6459a000-7f8d64626000 rw-p 00000000 00:00 0 
7f8d64626000-7f8d6497d000 ---p 00000000 00:00 0 
7f8d6497d000-7f8d6497e000 rw-p 00000000 00:00 0 
7f8d6497e000-7f8d64bee000 rwxp 00000000 00:00 0 
7f8d64bee000-7f8d64f0f000 ---p 00000000 00:00 0 
7f8d64f0f000-7f8d6517f000 rwxp 00000000 00:00 0 
7f8d6517f000-7f8d6c446000 ---p 00000000 00:00 0 
7f8d6c446000-7f8d6c6b6000 rwxp 00000000 00:00 0 
7f8d6c6b6000-7f8d7397e000 ---p 00000000 00:00 0 
7f8d7397e000-7f8d7c000000 r--s 00000000 08:15 5903238                    /usr/lib/jvm/java-11-openjdk-amd64/lib/modules
7f8d7c000000-7f8d7c18d000 rw-p 00000000 00:00 0 
7f8d7c18d000-7f8d80000000 ---p 00000000 00:00 0 
7f8d80021000-7f8d80025000 r--p 00000000 08:15 5903214                    /usr/lib/jvm/java-11-openjdk-amd64/lib/libnet.so
7f8d80025000-7f8d80034000 r-xp 00004000 08:15 5903214                    /usr/lib/jvm/java-11-openjdk-amd64/lib/libnet.so
7f8d80034000-7f8d80038000 r--p 00013000 08:15 5903214                    /usr/lib/jvm/java-11-openjdk-amd64/lib/libnet.so
7f8d80038000-7f8d80039000 r--p 00016000 08:15 5903214                    /usr/lib/jvm/java-11-openjdk-amd64/lib/libnet.so
7f8d80039000-7f8d8003a000 rw-p 00017000 08:15 5903214                    /usr/lib/jvm/java-11-openjdk-amd64/lib/libnet.so
7f8d8003a000-7f8d80041000 r--p 00000000 08:15 5903216                    /usr/lib/jvm/java-11-openjdk-amd64/lib/libnio.so
7f8d80041000-7f8d80048000 r-xp 00007000 08:15 5903216                    /usr/lib/jvm/java-11-openjdk-amd64/lib/libnio.so
7f8d80048000-7f8d8004b000 r--p 0000e000 08:15 5903216                    /usr/lib/jvm/java-11-openjdk-amd64/lib/libnio.so
7f8d8004b000-7f8d8004c000 r--p 00010000 08:15 5903216                    /usr/lib/jvm/java-11-openjdk-amd64/lib/libnio.so
7f8d8004c000-7f8d8004d000 rw-p 00011000 08:15 5903216                    /usr/lib/jvm/java-11-openjdk-amd64/lib/libnio.so
7f8d8004d000-7f8d800b7000 rw-p 00000000 00:00 0 
7f8d800b7000-7f8d800b8000 ---p 00000000 00:00 0 
7f8d800b8000-7f8d802c5000 rw-p 00000000 00:00 0 
7f8d802c5000-7f8d8061c000 ---p 00000000 00:00 0 
7f8d8061c000-7f8d80e25000 rw-p 00000000 00:00 0 
7f8d80e25000-7f8d80e26000 ---p 00000000 00:00 0 
7f8d80e26000-7f8d80f2c000 rw-p 00000000 00:00 0 
7f8d80f2c000-7f8d81012000 ---p 00000000 00:00 0 
7f8d81012000-7f8d81017000 rw-p 00000000 00:00 0 
7f8d81017000-7f8d810fd000 ---p 00000000 00:00 0 
7f8d810fd000-7f8d81102000 rw-p 00000000 00:00 0 
7f8d81102000-7f8d81109000 ---p 00000000 00:00 0 
7f8d81109000-7f8d8110b000 r--p 00000000 08:15 5903201                    /usr/lib/jvm/java-11-openjdk-amd64/lib/libjimage.so
7f8d8110b000-7f8d8110e000 r-xp 00002000 08:15 5903201                    /usr/lib/jvm/java-11-openjdk-amd64/lib/libjimage.so
7f8d8110e000-7f8d81110000 r--p 00005000 08:15 5903201                    /usr/lib/jvm/java-11-openjdk-amd64/lib/libjimage.so
7f8d81110000-7f8d81111000 r--p 00006000 08:15 5903201                    /usr/lib/jvm/java-11-openjdk-amd64/lib/libjimage.so
7f8d81111000-7f8d81112000 rw-p 00007000 08:15 5903201                    /usr/lib/jvm/java-11-openjdk-amd64/lib/libjimage.so
7f8d81112000-7f8d81115000 r--p 00000000 08:15 394381                     /lib/x86_64-linux-gnu/libnss_files-2.29.so
7f8d81115000-7f8d8111c000 r-xp 00003000 08:15 394381                     /lib/x86_64-linux-gnu/libnss_files-2.29.so
7f8d8111c000-7f8d8111e000 r--p 0000a000 08:15 394381                     /lib/x86_64-linux-gnu/libnss_files-2.29.so
7f8d8111e000-7f8d8111f000 r--p 0000b000 08:15 394381                     /lib/x86_64-linux-gnu/libnss_files-2.29.so
7f8d8111f000-7f8d81120000 rw-p 0000c000 08:15 394381                     /lib/x86_64-linux-gnu/libnss_files-2.29.so
7f8d81120000-7f8d81126000 rw-p 00000000 00:00 0 
7f8d8112d000-7f8d8112f000 r--p 00000000 08:15 5903237                    /usr/lib/jvm/java-11-openjdk-amd64/lib/libzip.so
7f8d8112f000-7f8d81133000 r-xp 00002000 08:15 5903237                    /usr/lib/jvm/java-11-openjdk-amd64/lib/libzip.so
7f8d81133000-7f8d81135000 r--p 00006000 08:15 5903237                    /usr/lib/jvm/java-11-openjdk-amd64/lib/libzip.so
7f8d81135000-7f8d81136000 r--p 00007000 08:15 5903237                    /usr/lib/jvm/java-11-openjdk-amd64/lib/libzip.so
7f8d81136000-7f8d81137000 rw-p 00008000 08:15 5903237                    /usr/lib/jvm/java-11-openjdk-amd64/lib/libzip.so
7f8d81137000-7f8d8113f000 rw-s 00000000 08:15 4876995                    /tmp/hsperfdata_hugo/17768
7f8d8113f000-7f8d8114c000 r--p 00000000 08:15 5903194                    /usr/lib/jvm/java-11-openjdk-amd64/lib/libjava.so
7f8d8114c000-7f8d81161000 r-xp 0000d000 08:15 5903194                    /usr/lib/jvm/java-11-openjdk-amd64/lib/libjava.so
7f8d81161000-7f8d81168000 r--p 00022000 08:15 5903194                    /usr/lib/jvm/java-11-openjdk-amd64/lib/libjava.so
7f8d81168000-7f8d81169000 r--p 00028000 08:15 5903194                    /usr/lib/jvm/java-11-openjdk-amd64/lib/libjava.so
7f8d81169000-7f8d8116b000 rw-p 00029000 08:15 5903194                    /usr/lib/jvm/java-11-openjdk-amd64/lib/libjava.so
7f8d8116b000-7f8d8116e000 r--p 00000000 08:15 394388                     /lib/x86_64-linux-gnu/librt-2.29.so
7f8d8116e000-7f8d81172000 r-xp 00003000 08:15 394388                     /lib/x86_64-linux-gnu/librt-2.29.so
7f8d81172000-7f8d81174000 r--p 00007000 08:15 394388                     /lib/x86_64-linux-gnu/librt-2.29.so
7f8d81174000-7f8d81175000 r--p 00008000 08:15 394388                     /lib/x86_64-linux-gnu/librt-2.29.so
7f8d81175000-7f8d81176000 rw-p 00009000 08:15 394388                     /lib/x86_64-linux-gnu/librt-2.29.so
7f8d81176000-7f8d8117a000 ---p 00000000 00:00 0 
7f8d8117a000-7f8d81277000 rw-p 00000000 00:00 0 
7f8d81277000-7f8d8127a000 r--p 00000000 08:15 393565                     /lib/x86_64-linux-gnu/libgcc_s.so.1
7f8d8127a000-7f8d8128b000 r-xp 00003000 08:15 393565                     /lib/x86_64-linux-gnu/libgcc_s.so.1
7f8d8128b000-7f8d8128f000 r--p 00014000 08:15 393565                     /lib/x86_64-linux-gnu/libgcc_s.so.1
7f8d8128f000-7f8d81290000 r--p 00017000 08:15 393565                     /lib/x86_64-linux-gnu/libgcc_s.so.1
7f8d81290000-7f8d81291000 rw-p 00018000 08:15 393565                     /lib/x86_64-linux-gnu/libgcc_s.so.1
7f8d81291000-7f8d812a0000 r--p 00000000 08:15 394375                     /lib/x86_64-linux-gnu/libm-2.29.so
7f8d812a0000-7f8d81346000 r-xp 0000f000 08:15 394375                     /lib/x86_64-linux-gnu/libm-2.29.so
7f8d81346000-7f8d813dd000 r--p 000b5000 08:15 394375                     /lib/x86_64-linux-gnu/libm-2.29.so
7f8d813dd000-7f8d813de000 r--p 0014b000 08:15 394375                     /lib/x86_64-linux-gnu/libm-2.29.so
7f8d813de000-7f8d813df000 rw-p 0014c000 08:15 394375                     /lib/x86_64-linux-gnu/libm-2.29.so
7f8d813df000-7f8d81474000 r--p 00000000 08:15 5898361                    /usr/lib/x86_64-linux-gnu/libstdc++.so.6.0.26
7f8d81474000-7f8d81566000 r-xp 00095000 08:15 5898361                    /usr/lib/x86_64-linux-gnu/libstdc++.so.6.0.26
7f8d81566000-7f8d815af000 r--p 00187000 08:15 5898361                    /usr/lib/x86_64-linux-gnu/libstdc++.so.6.0.26
7f8d815af000-7f8d815b0000 ---p 001d0000 08:15 5898361                    /usr/lib/x86_64-linux-gnu/libstdc++.so.6.0.26
7f8d815b0000-7f8d815bb000 r--p 001d0000 08:15 5898361                    /usr/lib/x86_64-linux-gnu/libstdc++.so.6.0.26
7f8d815bb000-7f8d815be000 rw-p 001db000 08:15 5898361                    /usr/lib/x86_64-linux-gnu/libstdc++.so.6.0.26
7f8d815be000-7f8d815c1000 rw-p 00000000 00:00 0 
7f8d815c1000-7f8d8182f000 r--p 00000000 08:15 1595262                    /usr/lib/jvm/java-11-openjdk-amd64/lib/server/libjvm.so
7f8d8182f000-7f8d8234e000 r-xp 0026e000 08:15 1595262                    /usr/lib/jvm/java-11-openjdk-amd64/lib/server/libjvm.so
7f8d8234e000-7f8d82586000 r--p 00d8d000 08:15 1595262                    /usr/lib/jvm/java-11-openjdk-amd64/lib/server/libjvm.so
7f8d82586000-7f8d82587000 ---p 00fc5000 08:15 1595262                    /usr/lib/jvm/java-11-openjdk-amd64/lib/server/libjvm.so
7f8d82587000-7f8d82644000 r--p 00fc5000 08:15 1595262                    /usr/lib/jvm/java-11-openjdk-amd64/lib/server/libjvm.so
7f8d82644000-7f8d8267d000 rw-p 01082000 08:15 1595262                    /usr/lib/jvm/java-11-openjdk-amd64/lib/server/libjvm.so
7f8d8267d000-7f8d826d5000 rw-p 00000000 00:00 0 
7f8d826d5000-7f8d826dc000 r--p 00000000 08:15 394386                     /lib/x86_64-linux-gnu/libpthread-2.29.so
7f8d826dc000-7f8d826eb000 r-xp 00007000 08:15 394386                     /lib/x86_64-linux-gnu/libpthread-2.29.so
7f8d826eb000-7f8d826f0000 r--p 00016000 08:15 394386                     /lib/x86_64-linux-gnu/libpthread-2.29.so
7f8d826f0000-7f8d826f1000 r--p 0001a000 08:15 394386                     /lib/x86_64-linux-gnu/libpthread-2.29.so
7f8d826f1000-7f8d826f2000 rw-p 0001b000 08:15 394386                     /lib/x86_64-linux-gnu/libpthread-2.29.so
7f8d826f2000-7f8d826f6000 rw-p 00000000 00:00 0 
7f8d826f6000-7f8d826f7000 r--p 00000000 08:15 394374                     /lib/x86_64-linux-gnu/libdl-2.29.so
7f8d826f7000-7f8d826f9000 r-xp 00001000 08:15 394374                     /lib/x86_64-linux-gnu/libdl-2.29.so
7f8d826f9000-7f8d826fa000 r--p 00003000 08:15 394374                     /lib/x86_64-linux-gnu/libdl-2.29.so
7f8d826fa000-7f8d826fb000 r--p 00003000 08:15 394374                     /lib/x86_64-linux-gnu/libdl-2.29.so
7f8d826fb000-7f8d826fc000 rw-p 00004000 08:15 394374                     /lib/x86_64-linux-gnu/libdl-2.29.so
7f8d826fc000-7f8d826fe000 r--p 00000000 08:15 395725                     /lib/x86_64-linux-gnu/libz.so.1.2.11
7f8d826fe000-7f8d8270f000 r-xp 00002000 08:15 395725                     /lib/x86_64-linux-gnu/libz.so.1.2.11
7f8d8270f000-7f8d82715000 r--p 00013000 08:15 395725                     /lib/x86_64-linux-gnu/libz.so.1.2.11
7f8d82715000-7f8d82716000 ---p 00019000 08:15 395725                     /lib/x86_64-linux-gnu/libz.so.1.2.11
7f8d82716000-7f8d82717000 r--p 00019000 08:15 395725                     /lib/x86_64-linux-gnu/libz.so.1.2.11
7f8d82717000-7f8d82718000 rw-p 0001a000 08:15 395725                     /lib/x86_64-linux-gnu/libz.so.1.2.11
7f8d82718000-7f8d8273d000 r--p 00000000 08:15 394372                     /lib/x86_64-linux-gnu/libc-2.29.so
7f8d8273d000-7f8d828b0000 r-xp 00025000 08:15 394372                     /lib/x86_64-linux-gnu/libc-2.29.so
7f8d828b0000-7f8d828f9000 r--p 00198000 08:15 394372                     /lib/x86_64-linux-gnu/libc-2.29.so
7f8d828f9000-7f8d828fc000 r--p 001e0000 08:15 394372                     /lib/x86_64-linux-gnu/libc-2.29.so
7f8d828fc000-7f8d828ff000 rw-p 001e3000 08:15 394372                     /lib/x86_64-linux-gnu/libc-2.29.so
7f8d828ff000-7f8d82903000 rw-p 00000000 00:00 0 
7f8d82907000-7f8d82909000 r--s 00007000 08:15 6294729                    /usr/share/java/java-atk-wrapper.jar
7f8d82909000-7f8d8290a000 ---p 00000000 00:00 0 
7f8d8290a000-7f8d8290b000 r--p 00000000 00:00 0 
7f8d8290b000-7f8d82910000 r--p 00000000 08:15 5903235                    /usr/lib/jvm/java-11-openjdk-amd64/lib/libverify.so
7f8d82910000-7f8d82917000 r-xp 00005000 08:15 5903235                    /usr/lib/jvm/java-11-openjdk-amd64/lib/libverify.so
7f8d82917000-7f8d82919000 r--p 0000c000 08:15 5903235                    /usr/lib/jvm/java-11-openjdk-amd64/lib/libverify.so
7f8d82919000-7f8d8291b000 r--p 0000d000 08:15 5903235                    /usr/lib/jvm/java-11-openjdk-amd64/lib/libverify.so
7f8d8291b000-7f8d8291c000 rw-p 0000f000 08:15 5903235                    /usr/lib/jvm/java-11-openjdk-amd64/lib/libverify.so
7f8d8291c000-7f8d8291f000 r--p 00000000 08:15 1595257                    /usr/lib/jvm/java-11-openjdk-amd64/lib/jli/libjli.so
7f8d8291f000-7f8d82929000 r-xp 00003000 08:15 1595257                    /usr/lib/jvm/java-11-openjdk-amd64/lib/jli/libjli.so
7f8d82929000-7f8d8292c000 r--p 0000d000 08:15 1595257                    /usr/lib/jvm/java-11-openjdk-amd64/lib/jli/libjli.so
7f8d8292c000-7f8d8292d000 r--p 0000f000 08:15 1595257                    /usr/lib/jvm/java-11-openjdk-amd64/lib/jli/libjli.so
7f8d8292d000-7f8d8292e000 rw-p 00010000 08:15 1595257                    /usr/lib/jvm/java-11-openjdk-amd64/lib/jli/libjli.so
7f8d8292e000-7f8d82930000 rw-p 00000000 00:00 0 
7f8d82930000-7f8d82931000 r--p 00000000 08:15 394368                     /lib/x86_64-linux-gnu/ld-2.29.so
7f8d82931000-7f8d82952000 r-xp 00001000 08:15 394368                     /lib/x86_64-linux-gnu/ld-2.29.so
7f8d82952000-7f8d8295a000 r--p 00022000 08:15 394368                     /lib/x86_64-linux-gnu/ld-2.29.so
7f8d8295a000-7f8d8295b000 r--p 00029000 08:15 394368                     /lib/x86_64-linux-gnu/ld-2.29.so
7f8d8295b000-7f8d8295c000 rw-p 0002a000 08:15 394368                     /lib/x86_64-linux-gnu/ld-2.29.so
7f8d8295c000-7f8d8295d000 rw-p 00000000 00:00 0 
7fffe4cda000-7fffe4cfb000 rw-p 00000000 00:00 0                          [stack]
7fffe4d90000-7fffe4d93000 r--p 00000000 00:00 0                          [vvar]
7fffe4d93000-7fffe4d94000 r-xp 00000000 00:00 0                          [vdso]
ffffffffff600000-ffffffffff601000 r-xp 00000000 00:00 0                  [vsyscall]


VM Arguments:
jvm_args: -Dfile.encoding=UTF-8 
java_command: com.eng3.p2.Master
java_class_path (initial): /home/hugo/Documentos/ADS/4Ciclo/Engsoft3/Prova/p2/bin
Launcher Type: SUN_STANDARD

[Global flags]
     intx CICompilerCount                          = 4                                         {product} {ergonomic}
     uint ConcGCThreads                            = 2                                         {product} {ergonomic}
     uint G1ConcRefinementThreads                  = 8                                         {product} {ergonomic}
   size_t G1HeapRegionSize                         = 1048576                                   {product} {ergonomic}
    uintx GCDrainStackTargetSize                   = 64                                        {product} {ergonomic}
   size_t InitialHeapSize                          = 132120576                                 {product} {ergonomic}
   size_t MarkStackSize                            = 4194304                                   {product} {ergonomic}
   size_t MaxHeapSize                              = 2086666240                                {product} {ergonomic}
   size_t MaxNewSize                               = 1251999744                                {product} {ergonomic}
   size_t MinHeapDeltaBytes                        = 1048576                                   {product} {ergonomic}
    uintx NonNMethodCodeHeapSize                   = 5835340                                {pd product} {ergonomic}
    uintx NonProfiledCodeHeapSize                  = 122911450                              {pd product} {ergonomic}
    uintx ProfiledCodeHeapSize                     = 122911450                              {pd product} {ergonomic}
    uintx ReservedCodeCacheSize                    = 251658240                              {pd product} {ergonomic}
     bool SegmentedCodeCache                       = true                                      {product} {ergonomic}
     bool UseCompressedClassPointers               = true                                 {lp64_product} {ergonomic}
     bool UseCompressedOops                        = true                                 {lp64_product} {ergonomic}
     bool UseG1GC                                  = true                                      {product} {ergonomic}

Logging:
Log output configuration:
 #0: stdout all=warning uptime,level,tags
 #1: stderr all=off uptime,level,tags

Environment Variables:
PATH=/home/hugo/.npm-global/bin:/usr/local/sbin:/usr/local/bin:/usr/sbin:/usr/bin:/sbin:/bin:/usr/games:/usr/local/games:/snap/bin
USERNAME=hugo
SHELL=/bin/bash
DISPLAY=:1

Signal Handlers:
SIGSEGV: [libjvm.so+0xd1aba0], sa_mask[0]=11111111011111111101111111111110, sa_flags=SA_RESTART|SA_SIGINFO
SIGBUS: [libjvm.so+0xd1aba0], sa_mask[0]=11111111011111111101111111111110, sa_flags=SA_RESTART|SA_SIGINFO
SIGFPE: [libjvm.so+0xd1aba0], sa_mask[0]=11111111011111111101111111111110, sa_flags=SA_RESTART|SA_SIGINFO
SIGPIPE: [libjvm.so+0xb22280], sa_mask[0]=11111111011111111101111111111110, sa_flags=SA_RESTART|SA_SIGINFO
SIGXFSZ: [libjvm.so+0xb22280], sa_mask[0]=11111111011111111101111111111110, sa_flags=SA_RESTART|SA_SIGINFO
SIGILL: [libjvm.so+0xd1aba0], sa_mask[0]=11111111011111111101111111111110, sa_flags=SA_RESTART|SA_SIGINFO
SIGUSR2: [libjvm.so+0xb22110], sa_mask[0]=00100000000000000000000000000000, sa_flags=SA_RESTART|SA_SIGINFO
SIGHUP: [libjvm.so+0xb22680], sa_mask[0]=11111111011111111101111111111110, sa_flags=SA_RESTART|SA_SIGINFO
SIGINT: [libjvm.so+0xb22680], sa_mask[0]=11111111011111111101111111111110, sa_flags=SA_RESTART|SA_SIGINFO
SIGTERM: [libjvm.so+0xb22680], sa_mask[0]=11111111011111111101111111111110, sa_flags=SA_RESTART|SA_SIGINFO
SIGQUIT: [libjvm.so+0xb22680], sa_mask[0]=11111111011111111101111111111110, sa_flags=SA_RESTART|SA_SIGINFO


---------------  S Y S T E M  ---------------

OS:DISTRIB_ID=Ubuntu
DISTRIB_RELEASE=19.04
DISTRIB_CODENAME=disco
DISTRIB_DESCRIPTION="Ubuntu 19.04"
uname:Linux 5.0.0-15-generic #16-Ubuntu SMP Mon May 6 17:41:33 UTC 2019 x86_64
libc:glibc 2.29 NPTL 2.29 
rlimit: STACK 8192k, CORE 0k, NPROC 31631, NOFILE 1048576, AS infinity, DATA infinity, FSIZE infinity
load average:1,04 0,66 0,54

/proc/meminfo:
MemTotal:        8146464 kB
MemFree:          116104 kB
MemAvailable:      89540 kB
Buffers:            3132 kB
Cached:           268380 kB
SwapCached:       141608 kB
Active:          5745216 kB
Inactive:         976236 kB
Active(anon):    5685436 kB
Inactive(anon):   914572 kB
Active(file):      59780 kB
Inactive(file):    61664 kB
Unevictable:          96 kB
Mlocked:              96 kB
SwapTotal:       2097148 kB
SwapFree:           5480 kB
Dirty:               284 kB
Writeback:             0 kB
AnonPages:       6306712 kB
Mapped:           346660 kB
Shmem:            150060 kB
KReclaimable:      99060 kB
Slab:             341108 kB
SReclaimable:      99060 kB
SUnreclaim:       242048 kB
KernelStack:       26688 kB
PageTables:        98292 kB
NFS_Unstable:          0 kB
Bounce:                0 kB
WritebackTmp:          0 kB
CommitLimit:     6170380 kB
Committed_AS:   42840312 kB
VmallocTotal:   34359738367 kB
VmallocUsed:           0 kB
VmallocChunk:          0 kB
Percpu:             6240 kB
HardwareCorrupted:     0 kB
AnonHugePages:         0 kB
ShmemHugePages:        0 kB
ShmemPmdMapped:        0 kB
CmaTotal:              0 kB
CmaFree:               0 kB
HugePages_Total:       0
HugePages_Free:        0
HugePages_Rsvd:        0
HugePages_Surp:        0
Hugepagesize:       2048 kB
Hugetlb:               0 kB
DirectMap4k:     2617368 kB
DirectMap2M:     5752832 kB


/proc/sys/kernel/threads-max (system-wide limit on the number of threads):
63262


/proc/sys/vm/max_map_count (maximum number of memory map areas a process may have):
65530


/proc/sys/kernel/pid_max (system-wide limit on number of process identifiers):
32768



container (cgroup) information:
container_type: cgroupv1
cpu_cpuset_cpus: 0-7
cpu_memory_nodes: 0
active_processor_count: 8
cpu_quota: -1
cpu_period: 100000
cpu_shares: -1
memory_limit_in_bytes: -1
memory_and_swap_limit_in_bytes: -2
memory_soft_limit_in_bytes: -1
memory_usage_in_bytes: 6798938112
memory_max_usage_in_bytes: 7441469440


CPU:total 8 (initial active 8) (4 cores per cpu, 2 threads per core) family 6 model 42 stepping 7, cmov, cx8, fxsr, mmx, sse, sse2, sse3, ssse3, sse4.1, sse4.2, popcnt, avx, aes, clmul, ht, tsc, tscinvbit
CPU Model and flags from /proc/cpuinfo:
model name	: Intel(R) Core(TM) i7-2600 CPU @ 3.40GHz
flags		: fpu vme de pse tsc msr pae mce cx8 apic sep mtrr pge mca cmov pat pse36 clflush dts acpi mmx fxsr sse sse2 ss ht tm pbe syscall nx rdtscp lm constant_tsc arch_perfmon pebs bts rep_good nopl xtopology nonstop_tsc cpuid aperfmperf pni pclmulqdq dtes64 monitor ds_cpl vmx smx est tm2 ssse3 cx16 xtpr pdcm pcid sse4_1 sse4_2 x2apic popcnt tsc_deadline_timer aes xsave avx lahf_lm epb pti ssbd ibrs ibpb stibp tpr_shadow vnmi flexpriority ept vpid xsaveopt dtherm ida arat pln pts md_clear flush_l1d

Memory: 4k page, physical 8146464k(116608k free), swap 2097148k(5480k free)

vm_info: OpenJDK 64-Bit Server VM (11.0.3+7-Ubuntu-1ubuntu219.04.1) for linux-amd64 JRE (11.0.3+7-Ubuntu-1ubuntu219.04.1), built on Apr 23 2019 18:34:35 by "buildd" with gcc 8.3.0

END.
